mode: set
github.com/solo21-12/A2SV_back_end_track/tree/main/task_seven/Delivery/main.go:9.13,21.2 7 0
github.com/solo21-12/A2SV_back_end_track/tree/main/task_seven/Delivery/controllers/login.controller.go:16.51,19.46 2 0
github.com/solo21-12/A2SV_back_end_track/tree/main/task_seven/Delivery/controllers/login.controller.go:19.46,22.3 2 0
github.com/solo21-12/A2SV_back_end_track/tree/main/task_seven/Delivery/controllers/login.controller.go:24.2,26.16 2 0
github.com/solo21-12/A2SV_back_end_track/tree/main/task_seven/Delivery/controllers/login.controller.go:26.16,29.3 2 0
github.com/solo21-12/A2SV_back_end_track/tree/main/task_seven/Delivery/controllers/login.controller.go:31.2,31.107 1 0
github.com/solo21-12/A2SV_back_end_track/tree/main/task_seven/Delivery/controllers/login.controller.go:31.107,34.3 2 0
github.com/solo21-12/A2SV_back_end_track/tree/main/task_seven/Delivery/controllers/login.controller.go:36.2,43.17 3 0
github.com/solo21-12/A2SV_back_end_track/tree/main/task_seven/Delivery/controllers/login.controller.go:43.17,46.3 2 0
github.com/solo21-12/A2SV_back_end_track/tree/main/task_seven/Delivery/controllers/login.controller.go:48.2,53.43 2 0
github.com/solo21-12/A2SV_back_end_track/tree/main/task_seven/Delivery/controllers/promote_user.controller.go:16.59,22.17 3 0
github.com/solo21-12/A2SV_back_end_track/tree/main/task_seven/Delivery/controllers/promote_user.controller.go:22.17,25.3 2 0
github.com/solo21-12/A2SV_back_end_track/tree/main/task_seven/Delivery/controllers/promote_user.controller.go:27.2,27.81 1 0
github.com/solo21-12/A2SV_back_end_track/tree/main/task_seven/Delivery/controllers/sign_up.controller.go:16.52,19.46 2 0
github.com/solo21-12/A2SV_back_end_track/tree/main/task_seven/Delivery/controllers/sign_up.controller.go:19.46,22.3 2 0
github.com/solo21-12/A2SV_back_end_track/tree/main/task_seven/Delivery/controllers/sign_up.controller.go:24.2,26.18 2 0
github.com/solo21-12/A2SV_back_end_track/tree/main/task_seven/Delivery/controllers/sign_up.controller.go:26.18,29.3 2 0
github.com/solo21-12/A2SV_back_end_track/tree/main/task_seven/Delivery/controllers/sign_up.controller.go:31.2,35.17 3 0
github.com/solo21-12/A2SV_back_end_track/tree/main/task_seven/Delivery/controllers/sign_up.controller.go:35.17,38.3 2 0
github.com/solo21-12/A2SV_back_end_track/tree/main/task_seven/Delivery/controllers/sign_up.controller.go:40.2,42.17 2 0
github.com/solo21-12/A2SV_back_end_track/tree/main/task_seven/Delivery/controllers/sign_up.controller.go:42.17,45.3 2 0
github.com/solo21-12/A2SV_back_end_track/tree/main/task_seven/Delivery/controllers/sign_up.controller.go:47.2,52.48 2 0
github.com/solo21-12/A2SV_back_end_track/tree/main/task_seven/Delivery/controllers/task.controller.go:14.51,17.46 2 0
github.com/solo21-12/A2SV_back_end_track/tree/main/task_seven/Delivery/controllers/task.controller.go:17.46,20.3 2 0
github.com/solo21-12/A2SV_back_end_track/tree/main/task_seven/Delivery/controllers/task.controller.go:22.2,24.16 2 0
github.com/solo21-12/A2SV_back_end_track/tree/main/task_seven/Delivery/controllers/task.controller.go:24.16,27.3 2 0
github.com/solo21-12/A2SV_back_end_track/tree/main/task_seven/Delivery/controllers/task.controller.go:29.2,29.47 1 0
github.com/solo21-12/A2SV_back_end_track/tree/main/task_seven/Delivery/controllers/task.controller.go:33.51,36.16 2 0
github.com/solo21-12/A2SV_back_end_track/tree/main/task_seven/Delivery/controllers/task.controller.go:36.16,39.3 2 0
github.com/solo21-12/A2SV_back_end_track/tree/main/task_seven/Delivery/controllers/task.controller.go:41.2,41.40 1 0
github.com/solo21-12/A2SV_back_end_track/tree/main/task_seven/Delivery/controllers/task.controller.go:44.48,49.17 3 0
github.com/solo21-12/A2SV_back_end_track/tree/main/task_seven/Delivery/controllers/task.controller.go:49.17,52.3 2 0
github.com/solo21-12/A2SV_back_end_track/tree/main/task_seven/Delivery/controllers/task.controller.go:54.2,54.39 1 0
github.com/solo21-12/A2SV_back_end_track/tree/main/task_seven/Delivery/controllers/task.controller.go:57.51,61.53 3 0
github.com/solo21-12/A2SV_back_end_track/tree/main/task_seven/Delivery/controllers/task.controller.go:61.53,64.3 2 0
github.com/solo21-12/A2SV_back_end_track/tree/main/task_seven/Delivery/controllers/task.controller.go:66.2,68.16 2 0
github.com/solo21-12/A2SV_back_end_track/tree/main/task_seven/Delivery/controllers/task.controller.go:68.16,71.3 2 0
github.com/solo21-12/A2SV_back_end_track/tree/main/task_seven/Delivery/controllers/task.controller.go:73.2,75.39 2 0
github.com/solo21-12/A2SV_back_end_track/tree/main/task_seven/Delivery/controllers/task.controller.go:79.51,82.58 2 0
github.com/solo21-12/A2SV_back_end_track/tree/main/task_seven/Delivery/controllers/task.controller.go:82.58,85.3 2 0
github.com/solo21-12/A2SV_back_end_track/tree/main/task_seven/Delivery/controllers/task.controller.go:87.2,87.87 1 0
github.com/solo21-12/A2SV_back_end_track/tree/main/task_seven/Delivery/routers/login.router.go:13.85,26.2 6 0
github.com/solo21-12/A2SV_back_end_track/tree/main/task_seven/Delivery/routers/promote.route.go:12.87,22.2 4 0
github.com/solo21-12/A2SV_back_end_track/tree/main/task_seven/Delivery/routers/router.go:10.69,26.2 11 0
github.com/solo21-12/A2SV_back_end_track/tree/main/task_seven/Delivery/routers/sign_up.router.go:13.86,26.2 6 0
github.com/solo21-12/A2SV_back_end_track/tree/main/task_seven/Delivery/routers/task.router.go:12.84,25.2 8 0
github.com/solo21-12/A2SV_back_end_track/tree/main/task_seven/Domain/error_response.go:13.40,16.2 1 0
github.com/solo21-12/A2SV_back_end_track/tree/main/task_seven/Domain/error_response.go:18.44,23.2 1 0
github.com/solo21-12/A2SV_back_end_track/tree/main/task_seven/Domain/error_response.go:25.46,30.2 1 0
github.com/solo21-12/A2SV_back_end_track/tree/main/task_seven/Domain/error_response.go:32.43,37.2 1 0
github.com/solo21-12/A2SV_back_end_track/tree/main/task_seven/Domain/error_response.go:39.42,44.2 1 0
github.com/solo21-12/A2SV_back_end_track/tree/main/task_seven/Domain/error_response.go:46.53,51.2 1 0
github.com/solo21-12/A2SV_back_end_track/tree/main/task_seven/Domain/error_response.go:53.42,58.2 1 0
github.com/solo21-12/A2SV_back_end_track/tree/main/task_seven/Domain/error_response.go:60.53,65.2 1 0
github.com/solo21-12/A2SV_back_end_track/tree/main/task_seven/Domain/validate.go:7.13,9.2 1 0
github.com/solo21-12/A2SV_back_end_track/tree/main/task_seven/Domain/validate.go:11.33,13.2 1 0
github.com/solo21-12/A2SV_back_end_track/tree/main/task_seven/Domain/validate.go:15.46,17.2 1 0
github.com/solo21-12/A2SV_back_end_track/tree/main/task_seven/Domain/validate.go:19.42,21.2 1 0
github.com/solo21-12/A2SV_back_end_track/tree/main/task_seven/Infrastructure/auth.middleware.go:21.86,25.2 1 0
github.com/solo21-12/A2SV_back_end_track/tree/main/task_seven/Infrastructure/auth.middleware.go:27.59,29.32 1 0
github.com/solo21-12/A2SV_back_end_track/tree/main/task_seven/Infrastructure/auth.middleware.go:29.32,33.17 3 0
github.com/solo21-12/A2SV_back_end_track/tree/main/task_seven/Infrastructure/auth.middleware.go:33.17,37.4 3 0
github.com/solo21-12/A2SV_back_end_track/tree/main/task_seven/Infrastructure/auth.middleware.go:39.3,39.13 1 0
github.com/solo21-12/A2SV_back_end_track/tree/main/task_seven/Infrastructure/auth.middleware.go:43.79,45.32 1 0
github.com/solo21-12/A2SV_back_end_track/tree/main/task_seven/Infrastructure/auth.middleware.go:45.32,49.17 2 0
github.com/solo21-12/A2SV_back_end_track/tree/main/task_seven/Infrastructure/auth.middleware.go:49.17,53.4 3 0
github.com/solo21-12/A2SV_back_end_track/tree/main/task_seven/Infrastructure/auth.middleware.go:55.3,59.17 3 0
github.com/solo21-12/A2SV_back_end_track/tree/main/task_seven/Infrastructure/auth.middleware.go:60.33,63.31 2 0
github.com/solo21-12/A2SV_back_end_track/tree/main/task_seven/Infrastructure/auth.middleware.go:63.31,64.25 1 0
github.com/solo21-12/A2SV_back_end_track/tree/main/task_seven/Infrastructure/auth.middleware.go:64.25,66.11 2 0
github.com/solo21-12/A2SV_back_end_track/tree/main/task_seven/Infrastructure/auth.middleware.go:70.4,70.18 1 0
github.com/solo21-12/A2SV_back_end_track/tree/main/task_seven/Infrastructure/auth.middleware.go:70.18,74.5 3 0
github.com/solo21-12/A2SV_back_end_track/tree/main/task_seven/Infrastructure/auth.middleware.go:77.3,77.13 1 0
github.com/solo21-12/A2SV_back_end_track/tree/main/task_seven/Infrastructure/jwt.service.go:17.58,21.2 1 0
github.com/solo21-12/A2SV_back_end_track/tree/main/task_seven/Infrastructure/jwt.service.go:23.93,39.16 6 0
github.com/solo21-12/A2SV_back_end_track/tree/main/task_seven/Infrastructure/jwt.service.go:39.16,41.3 1 0
github.com/solo21-12/A2SV_back_end_track/tree/main/task_seven/Infrastructure/jwt.service.go:43.2,43.15 1 0
github.com/solo21-12/A2SV_back_end_track/tree/main/task_seven/Infrastructure/jwt.service.go:48.81,51.112 2 0
github.com/solo21-12/A2SV_back_end_track/tree/main/task_seven/Infrastructure/jwt.service.go:51.112,52.58 1 0
github.com/solo21-12/A2SV_back_end_track/tree/main/task_seven/Infrastructure/jwt.service.go:52.58,54.4 1 0
github.com/solo21-12/A2SV_back_end_track/tree/main/task_seven/Infrastructure/jwt.service.go:55.3,55.24 1 0
github.com/solo21-12/A2SV_back_end_track/tree/main/task_seven/Infrastructure/jwt.service.go:58.2,58.32 1 0
github.com/solo21-12/A2SV_back_end_track/tree/main/task_seven/Infrastructure/jwt.service.go:58.32,60.3 1 0
github.com/solo21-12/A2SV_back_end_track/tree/main/task_seven/Infrastructure/jwt.service.go:62.2,63.9 2 0
github.com/solo21-12/A2SV_back_end_track/tree/main/task_seven/Infrastructure/jwt.service.go:63.9,65.3 1 0
github.com/solo21-12/A2SV_back_end_track/tree/main/task_seven/Infrastructure/jwt.service.go:67.2,67.20 1 0
github.com/solo21-12/A2SV_back_end_track/tree/main/task_seven/Infrastructure/jwt.service.go:70.78,71.22 1 0
github.com/solo21-12/A2SV_back_end_track/tree/main/task_seven/Infrastructure/jwt.service.go:71.22,73.3 1 0
github.com/solo21-12/A2SV_back_end_track/tree/main/task_seven/Infrastructure/jwt.service.go:75.2,76.70 2 0
github.com/solo21-12/A2SV_back_end_track/tree/main/task_seven/Infrastructure/jwt.service.go:76.70,78.3 1 0
github.com/solo21-12/A2SV_back_end_track/tree/main/task_seven/Infrastructure/jwt.service.go:80.2,80.23 1 0
github.com/solo21-12/A2SV_back_end_track/tree/main/task_seven/Infrastructure/jwt.service.go:83.79,87.16 2 0
github.com/solo21-12/A2SV_back_end_track/tree/main/task_seven/Infrastructure/jwt.service.go:87.16,89.3 1 0
github.com/solo21-12/A2SV_back_end_track/tree/main/task_seven/Infrastructure/jwt.service.go:92.2,93.16 2 0
github.com/solo21-12/A2SV_back_end_track/tree/main/task_seven/Infrastructure/jwt.service.go:93.16,95.3 1 0
github.com/solo21-12/A2SV_back_end_track/tree/main/task_seven/Infrastructure/jwt.service.go:97.2,97.20 1 0
github.com/solo21-12/A2SV_back_end_track/tree/main/task_seven/Infrastructure/password.service.go:10.50,12.2 1 0
github.com/solo21-12/A2SV_back_end_track/tree/main/task_seven/Infrastructure/password.service.go:14.76,20.2 3 0
github.com/solo21-12/A2SV_back_end_track/tree/main/task_seven/Infrastructure/password.service.go:22.89,24.2 1 0
github.com/solo21-12/A2SV_back_end_track/tree/main/task_seven/Repositories/task_repository.go:17.85,22.2 1 0
github.com/solo21-12/A2SV_back_end_track/tree/main/task_seven/Repositories/task_repository.go:24.60,26.2 1 0
github.com/solo21-12/A2SV_back_end_track/tree/main/task_seven/Repositories/task_repository.go:28.98,33.16 4 0
github.com/solo21-12/A2SV_back_end_track/tree/main/task_seven/Repositories/task_repository.go:33.16,35.3 1 0
github.com/solo21-12/A2SV_back_end_track/tree/main/task_seven/Repositories/task_repository.go:37.2,38.16 2 0
github.com/solo21-12/A2SV_back_end_track/tree/main/task_seven/Repositories/task_repository.go:38.16,40.3 1 0
github.com/solo21-12/A2SV_back_end_track/tree/main/task_seven/Repositories/task_repository.go:42.2,42.19 1 0
github.com/solo21-12/A2SV_back_end_track/tree/main/task_seven/Repositories/task_repository.go:45.114,51.17 4 0
github.com/solo21-12/A2SV_back_end_track/tree/main/task_seven/Repositories/task_repository.go:51.17,53.3 1 0
github.com/solo21-12/A2SV_back_end_track/tree/main/task_seven/Repositories/task_repository.go:55.2,57.16 3 0
github.com/solo21-12/A2SV_back_end_track/tree/main/task_seven/Repositories/task_repository.go:57.16,58.34 1 0
github.com/solo21-12/A2SV_back_end_track/tree/main/task_seven/Repositories/task_repository.go:58.34,60.4 1 0
github.com/solo21-12/A2SV_back_end_track/tree/main/task_seven/Repositories/task_repository.go:61.3,61.93 1 0
github.com/solo21-12/A2SV_back_end_track/tree/main/task_seven/Repositories/task_repository.go:64.2,64.18 1 0
github.com/solo21-12/A2SV_back_end_track/tree/main/task_seven/Repositories/task_repository.go:67.128,71.16 3 0
github.com/solo21-12/A2SV_back_end_track/tree/main/task_seven/Repositories/task_repository.go:71.16,73.3 1 0
github.com/solo21-12/A2SV_back_end_track/tree/main/task_seven/Repositories/task_repository.go:75.2,76.9 2 0
github.com/solo21-12/A2SV_back_end_track/tree/main/task_seven/Repositories/task_repository.go:76.9,78.3 1 0
github.com/solo21-12/A2SV_back_end_track/tree/main/task_seven/Repositories/task_repository.go:80.2,81.17 2 0
github.com/solo21-12/A2SV_back_end_track/tree/main/task_seven/Repositories/task_repository.go:81.17,83.3 1 0
github.com/solo21-12/A2SV_back_end_track/tree/main/task_seven/Repositories/task_repository.go:85.2,85.18 1 0
github.com/solo21-12/A2SV_back_end_track/tree/main/task_seven/Repositories/task_repository.go:88.95,92.16 3 0
github.com/solo21-12/A2SV_back_end_track/tree/main/task_seven/Repositories/task_repository.go:92.16,94.3 1 0
github.com/solo21-12/A2SV_back_end_track/tree/main/task_seven/Repositories/task_repository.go:96.2,98.17 2 0
github.com/solo21-12/A2SV_back_end_track/tree/main/task_seven/Repositories/task_repository.go:98.17,100.3 1 0
github.com/solo21-12/A2SV_back_end_track/tree/main/task_seven/Repositories/task_repository.go:102.2,104.48 3 0
github.com/solo21-12/A2SV_back_end_track/tree/main/task_seven/Repositories/task_repository.go:104.48,106.3 1 0
github.com/solo21-12/A2SV_back_end_track/tree/main/task_seven/Repositories/task_repository.go:108.2,108.12 1 0
github.com/solo21-12/A2SV_back_end_track/tree/main/task_seven/Repositories/task_repository.go:111.129,116.17 3 0
github.com/solo21-12/A2SV_back_end_track/tree/main/task_seven/Repositories/task_repository.go:116.17,118.3 1 0
github.com/solo21-12/A2SV_back_end_track/tree/main/task_seven/Repositories/task_repository.go:120.2,124.16 4 0
github.com/solo21-12/A2SV_back_end_track/tree/main/task_seven/Repositories/task_repository.go:124.16,126.3 1 0
github.com/solo21-12/A2SV_back_end_track/tree/main/task_seven/Repositories/task_repository.go:128.2,128.34 1 0
github.com/solo21-12/A2SV_back_end_track/tree/main/task_seven/Repositories/task_repository.go:128.34,130.3 1 0
github.com/solo21-12/A2SV_back_end_track/tree/main/task_seven/Repositories/task_repository.go:132.2,132.35 1 0
github.com/solo21-12/A2SV_back_end_track/tree/main/task_seven/Repositories/task_repository.go:132.35,134.3 1 0
github.com/solo21-12/A2SV_back_end_track/tree/main/task_seven/Repositories/task_repository.go:136.2,136.12 1 0
github.com/solo21-12/A2SV_back_end_track/tree/main/task_seven/Repositories/user_repository.go:18.85,23.2 1 0
github.com/solo21-12/A2SV_back_end_track/tree/main/task_seven/Repositories/user_repository.go:25.62,28.21 2 0
github.com/solo21-12/A2SV_back_end_track/tree/main/task_seven/Repositories/user_repository.go:28.21,30.3 1 0
github.com/solo21-12/A2SV_back_end_track/tree/main/task_seven/Repositories/user_repository.go:32.2,32.15 1 0
github.com/solo21-12/A2SV_back_end_track/tree/main/task_seven/Repositories/user_repository.go:36.60,38.2 1 0
github.com/solo21-12/A2SV_back_end_track/tree/main/task_seven/Repositories/user_repository.go:40.101,45.16 4 0
github.com/solo21-12/A2SV_back_end_track/tree/main/task_seven/Repositories/user_repository.go:45.16,47.3 1 0
github.com/solo21-12/A2SV_back_end_track/tree/main/task_seven/Repositories/user_repository.go:49.2,51.45 2 0
github.com/solo21-12/A2SV_back_end_track/tree/main/task_seven/Repositories/user_repository.go:51.45,53.3 1 0
github.com/solo21-12/A2SV_back_end_track/tree/main/task_seven/Repositories/user_repository.go:55.2,55.19 1 0
github.com/solo21-12/A2SV_back_end_track/tree/main/task_seven/Repositories/user_repository.go:58.112,67.16 5 0
github.com/solo21-12/A2SV_back_end_track/tree/main/task_seven/Repositories/user_repository.go:67.16,68.34 1 0
github.com/solo21-12/A2SV_back_end_track/tree/main/task_seven/Repositories/user_repository.go:68.34,70.4 1 0
github.com/solo21-12/A2SV_back_end_track/tree/main/task_seven/Repositories/user_repository.go:72.3,72.91 1 0
github.com/solo21-12/A2SV_back_end_track/tree/main/task_seven/Repositories/user_repository.go:75.2,75.19 1 0
github.com/solo21-12/A2SV_back_end_track/tree/main/task_seven/Repositories/user_repository.go:77.129,82.39 3 0
github.com/solo21-12/A2SV_back_end_track/tree/main/task_seven/Repositories/user_repository.go:82.39,85.3 1 0
github.com/solo21-12/A2SV_back_end_track/tree/main/task_seven/Repositories/user_repository.go:88.2,99.17 4 0
github.com/solo21-12/A2SV_back_end_track/tree/main/task_seven/Repositories/user_repository.go:99.17,101.3 1 0
github.com/solo21-12/A2SV_back_end_track/tree/main/task_seven/Repositories/user_repository.go:104.2,105.9 2 0
github.com/solo21-12/A2SV_back_end_track/tree/main/task_seven/Repositories/user_repository.go:105.9,107.3 1 0
github.com/solo21-12/A2SV_back_end_track/tree/main/task_seven/Repositories/user_repository.go:110.2,111.17 2 0
github.com/solo21-12/A2SV_back_end_track/tree/main/task_seven/Repositories/user_repository.go:111.17,113.3 1 0
github.com/solo21-12/A2SV_back_end_track/tree/main/task_seven/Repositories/user_repository.go:115.2,115.21 1 0
github.com/solo21-12/A2SV_back_end_track/tree/main/task_seven/Repositories/user_repository.go:117.108,123.17 4 0
github.com/solo21-12/A2SV_back_end_track/tree/main/task_seven/Repositories/user_repository.go:123.17,125.3 1 0
github.com/solo21-12/A2SV_back_end_track/tree/main/task_seven/Repositories/user_repository.go:127.2,132.16 4 0
github.com/solo21-12/A2SV_back_end_track/tree/main/task_seven/Repositories/user_repository.go:132.16,133.34 1 0
github.com/solo21-12/A2SV_back_end_track/tree/main/task_seven/Repositories/user_repository.go:133.34,135.4 1 0
github.com/solo21-12/A2SV_back_end_track/tree/main/task_seven/Repositories/user_repository.go:137.3,137.93 1 0
github.com/solo21-12/A2SV_back_end_track/tree/main/task_seven/Repositories/user_repository.go:140.2,140.18 1 0
github.com/solo21-12/A2SV_back_end_track/tree/main/task_seven/Repositories/user_repository.go:142.92,146.16 3 0
github.com/solo21-12/A2SV_back_end_track/tree/main/task_seven/Repositories/user_repository.go:146.16,148.3 1 0
github.com/solo21-12/A2SV_back_end_track/tree/main/task_seven/Repositories/user_repository.go:150.2,157.17 4 0
github.com/solo21-12/A2SV_back_end_track/tree/main/task_seven/Repositories/user_repository.go:157.17,159.3 1 0
github.com/solo21-12/A2SV_back_end_track/tree/main/task_seven/Repositories/user_repository.go:161.2,161.64 1 0
github.com/solo21-12/A2SV_back_end_track/tree/main/task_seven/Repositories/user_repository.go:161.64,163.3 1 0
github.com/solo21-12/A2SV_back_end_track/tree/main/task_seven/Repositories/user_repository.go:164.2,164.12 1 0
github.com/solo21-12/A2SV_back_end_track/tree/main/task_seven/bootstrap/app.go:14.24,22.2 4 0
github.com/solo21-12/A2SV_back_end_track/tree/main/task_seven/bootstrap/app.go:24.45,26.2 1 0
github.com/solo21-12/A2SV_back_end_track/tree/main/task_seven/bootstrap/database.go:12.47,22.16 6 0
github.com/solo21-12/A2SV_back_end_track/tree/main/task_seven/bootstrap/database.go:22.16,24.3 1 0
github.com/solo21-12/A2SV_back_end_track/tree/main/task_seven/bootstrap/database.go:26.2,27.16 2 0
github.com/solo21-12/A2SV_back_end_track/tree/main/task_seven/bootstrap/database.go:27.16,29.3 1 0
github.com/solo21-12/A2SV_back_end_track/tree/main/task_seven/bootstrap/database.go:31.2,31.15 1 0
github.com/solo21-12/A2SV_back_end_track/tree/main/task_seven/bootstrap/database.go:34.72,35.19 1 0
github.com/solo21-12/A2SV_back_end_track/tree/main/task_seven/bootstrap/database.go:35.19,37.3 1 0
github.com/solo21-12/A2SV_back_end_track/tree/main/task_seven/bootstrap/database.go:39.2,40.16 2 0
github.com/solo21-12/A2SV_back_end_track/tree/main/task_seven/bootstrap/database.go:40.16,42.3 1 0
github.com/solo21-12/A2SV_back_end_track/tree/main/task_seven/bootstrap/env.go:21.20,27.16 4 0
github.com/solo21-12/A2SV_back_end_track/tree/main/task_seven/bootstrap/env.go:27.16,29.3 1 0
github.com/solo21-12/A2SV_back_end_track/tree/main/task_seven/bootstrap/env.go:31.2,31.13 1 0
github.com/solo21-12/A2SV_back_end_track/tree/main/task_seven/UseCases/login.usecase.go:15.151,21.2 1 0
github.com/solo21-12/A2SV_back_end_track/tree/main/task_seven/UseCases/login.usecase.go:23.110,26.2 1 0
github.com/solo21-12/A2SV_back_end_track/tree/main/task_seven/UseCases/login.usecase.go:27.95,30.2 1 0
github.com/solo21-12/A2SV_back_end_track/tree/main/task_seven/UseCases/login.usecase.go:31.86,33.2 1 0
github.com/solo21-12/A2SV_back_end_track/tree/main/task_seven/UseCases/promote.usecase.go:13.83,17.2 1 0
github.com/solo21-12/A2SV_back_end_track/tree/main/task_seven/UseCases/promote.usecase.go:19.96,21.2 1 0
github.com/solo21-12/A2SV_back_end_track/tree/main/task_seven/UseCases/sign_up.usecase.go:15.153,21.2 1 0
github.com/solo21-12/A2SV_back_end_track/tree/main/task_seven/UseCases/sign_up.usecase.go:23.128,25.2 1 0
github.com/solo21-12/A2SV_back_end_track/tree/main/task_seven/UseCases/sign_up.usecase.go:27.96,29.2 1 0
github.com/solo21-12/A2SV_back_end_track/tree/main/task_seven/UseCases/sign_up.usecase.go:31.74,33.2 1 0
github.com/solo21-12/A2SV_back_end_track/tree/main/task_seven/UseCases/task.usecase.go:13.78,17.2 1 0
github.com/solo21-12/A2SV_back_end_track/tree/main/task_seven/UseCases/task.usecase.go:19.95,21.2 1 0
github.com/solo21-12/A2SV_back_end_track/tree/main/task_seven/UseCases/task.usecase.go:22.111,25.2 1 0
github.com/solo21-12/A2SV_back_end_track/tree/main/task_seven/UseCases/task.usecase.go:26.125,29.2 1 0
github.com/solo21-12/A2SV_back_end_track/tree/main/task_seven/UseCases/task.usecase.go:30.92,33.2 1 0
github.com/solo21-12/A2SV_back_end_track/tree/main/task_seven/UseCases/task.usecase.go:34.126,37.2 1 0
github.com/solo21-12/A2SV_back_end_track/tree/main/task_seven/mocks/mock_auth_middler.go:26.93,30.2 3 0
github.com/solo21-12/A2SV_back_end_track/tree/main/task_seven/mocks/mock_auth_middler.go:33.91,35.2 1 0
github.com/solo21-12/A2SV_back_end_track/tree/main/task_seven/mocks/mock_auth_middler.go:38.73,43.2 4 0
github.com/solo21-12/A2SV_back_end_track/tree/main/task_seven/mocks/mock_auth_middler.go:46.83,49.2 2 0
github.com/solo21-12/A2SV_back_end_track/tree/main/task_seven/mocks/mock_auth_middler.go:52.93,55.26 3 0
github.com/solo21-12/A2SV_back_end_track/tree/main/task_seven/mocks/mock_auth_middler.go:55.26,57.3 1 0
github.com/solo21-12/A2SV_back_end_track/tree/main/task_seven/mocks/mock_auth_middler.go:58.2,60.13 3 0
github.com/solo21-12/A2SV_back_end_track/tree/main/task_seven/mocks/mock_auth_middler.go:64.108,67.2 2 0
github.com/solo21-12/A2SV_back_end_track/tree/main/task_seven/mocks/mock_jwt_service.go:26.65,30.2 3 0
github.com/solo21-12/A2SV_back_end_track/tree/main/task_seven/mocks/mock_jwt_service.go:33.63,35.2 1 0
github.com/solo21-12/A2SV_back_end_track/tree/main/task_seven/mocks/mock_jwt_service.go:38.81,44.2 5 0
github.com/solo21-12/A2SV_back_end_track/tree/main/task_seven/mocks/mock_jwt_service.go:47.88,50.2 2 0
github.com/solo21-12/A2SV_back_end_track/tree/main/task_seven/mocks/mock_jwt_service.go:53.83,59.2 5 0
github.com/solo21-12/A2SV_back_end_track/tree/main/task_seven/mocks/mock_jwt_service.go:62.86,65.2 2 0
github.com/solo21-12/A2SV_back_end_track/tree/main/task_seven/mocks/mock_jwt_service.go:68.82,74.2 5 0
github.com/solo21-12/A2SV_back_end_track/tree/main/task_seven/mocks/mock_jwt_service.go:77.95,80.2 2 0
github.com/solo21-12/A2SV_back_end_track/tree/main/task_seven/mocks/mock_jwt_service.go:83.85,89.2 5 0
github.com/solo21-12/A2SV_back_end_track/tree/main/task_seven/mocks/mock_jwt_service.go:92.88,95.2 2 0
github.com/solo21-12/A2SV_back_end_track/tree/main/task_seven/mocks/mock_login_usecase.go:27.69,31.2 3 0
github.com/solo21-12/A2SV_back_end_track/tree/main/task_seven/mocks/mock_login_usecase.go:34.67,36.2 1 0
github.com/solo21-12/A2SV_back_end_track/tree/main/task_seven/mocks/mock_login_usecase.go:39.83,45.2 5 0
github.com/solo21-12/A2SV_back_end_track/tree/main/task_seven/mocks/mock_login_usecase.go:48.90,51.2 2 0
github.com/solo21-12/A2SV_back_end_track/tree/main/task_seven/mocks/mock_login_usecase.go:54.114,60.2 5 0
github.com/solo21-12/A2SV_back_end_track/tree/main/task_seven/mocks/mock_login_usecase.go:63.91,66.2 2 0
github.com/solo21-12/A2SV_back_end_track/tree/main/task_seven/mocks/mock_login_usecase.go:69.83,74.2 4 0
github.com/solo21-12/A2SV_back_end_track/tree/main/task_seven/mocks/mock_login_usecase.go:77.109,80.2 2 0
github.com/solo21-12/A2SV_back_end_track/tree/main/task_seven/mocks/mock_password_service.go:25.75,29.2 3 0
github.com/solo21-12/A2SV_back_end_track/tree/main/task_seven/mocks/mock_password_service.go:32.73,34.2 1 0
github.com/solo21-12/A2SV_back_end_track/tree/main/task_seven/mocks/mock_password_service.go:37.80,43.2 5 0
github.com/solo21-12/A2SV_back_end_track/tree/main/task_seven/mocks/mock_password_service.go:46.95,49.2 2 0
github.com/solo21-12/A2SV_back_end_track/tree/main/task_seven/mocks/mock_password_service.go:52.86,57.2 4 0
github.com/solo21-12/A2SV_back_end_track/tree/main/task_seven/mocks/mock_password_service.go:60.112,63.2 2 0
github.com/solo21-12/A2SV_back_end_track/tree/main/task_seven/mocks/mock_promote_usecase.go:27.73,31.2 3 0
github.com/solo21-12/A2SV_back_end_track/tree/main/task_seven/mocks/mock_promote_usecase.go:34.71,36.2 1 0
github.com/solo21-12/A2SV_back_end_track/tree/main/task_seven/mocks/mock_promote_usecase.go:39.100,44.2 4 0
github.com/solo21-12/A2SV_back_end_track/tree/main/task_seven/mocks/mock_promote_usecase.go:47.93,50.2 2 0
github.com/solo21-12/A2SV_back_end_track/tree/main/task_seven/mocks/mock_signup_repository.go:27.71,31.2 3 0
github.com/solo21-12/A2SV_back_end_track/tree/main/task_seven/mocks/mock_signup_repository.go:34.69,36.2 1 0
github.com/solo21-12/A2SV_back_end_track/tree/main/task_seven/mocks/mock_signup_repository.go:39.84,45.2 5 0
github.com/solo21-12/A2SV_back_end_track/tree/main/task_seven/mocks/mock_signup_repository.go:48.91,51.2 2 0
github.com/solo21-12/A2SV_back_end_track/tree/main/task_seven/mocks/mock_signup_repository.go:54.132,60.2 5 0
github.com/solo21-12/A2SV_back_end_track/tree/main/task_seven/mocks/mock_signup_repository.go:63.89,66.2 2 0
github.com/solo21-12/A2SV_back_end_track/tree/main/task_seven/mocks/mock_signup_repository.go:69.78,75.2 5 0
github.com/solo21-12/A2SV_back_end_track/tree/main/task_seven/mocks/mock_signup_repository.go:78.93,81.2 2 0
github.com/solo21-12/A2SV_back_end_track/tree/main/task_seven/mocks/mock_task.go:27.73,31.2 3 0
github.com/solo21-12/A2SV_back_end_track/tree/main/task_seven/mocks/mock_task.go:34.71,36.2 1 0
github.com/solo21-12/A2SV_back_end_track/tree/main/task_seven/mocks/mock_task.go:39.132,45.2 5 0
github.com/solo21-12/A2SV_back_end_track/tree/main/task_seven/mocks/mock_task.go:48.93,51.2 2 0
github.com/solo21-12/A2SV_back_end_track/tree/main/task_seven/mocks/mock_task.go:54.99,59.2 4 0
github.com/solo21-12/A2SV_back_end_track/tree/main/task_seven/mocks/mock_task.go:62.92,65.2 2 0
github.com/solo21-12/A2SV_back_end_track/tree/main/task_seven/mocks/mock_task.go:68.118,74.2 5 0
github.com/solo21-12/A2SV_back_end_track/tree/main/task_seven/mocks/mock_task.go:77.93,80.2 2 0
github.com/solo21-12/A2SV_back_end_track/tree/main/task_seven/mocks/mock_task.go:83.102,89.2 5 0
github.com/solo21-12/A2SV_back_end_track/tree/main/task_seven/mocks/mock_task.go:92.82,95.2 2 0
github.com/solo21-12/A2SV_back_end_track/tree/main/task_seven/mocks/mock_task.go:98.133,103.2 4 0
github.com/solo21-12/A2SV_back_end_track/tree/main/task_seven/mocks/mock_task.go:106.105,109.2 2 0
github.com/solo21-12/A2SV_back_end_track/tree/main/task_seven/mocks/mock_task.go:123.67,127.2 3 0
github.com/solo21-12/A2SV_back_end_track/tree/main/task_seven/mocks/mock_task.go:130.65,132.2 1 0
github.com/solo21-12/A2SV_back_end_track/tree/main/task_seven/mocks/mock_task.go:135.129,141.2 5 0
github.com/solo21-12/A2SV_back_end_track/tree/main/task_seven/mocks/mock_task.go:144.90,147.2 2 0
github.com/solo21-12/A2SV_back_end_track/tree/main/task_seven/mocks/mock_task.go:150.96,155.2 4 0
github.com/solo21-12/A2SV_back_end_track/tree/main/task_seven/mocks/mock_task.go:158.89,161.2 2 0
github.com/solo21-12/A2SV_back_end_track/tree/main/task_seven/mocks/mock_task.go:164.115,170.2 5 0
github.com/solo21-12/A2SV_back_end_track/tree/main/task_seven/mocks/mock_task.go:173.90,176.2 2 0
github.com/solo21-12/A2SV_back_end_track/tree/main/task_seven/mocks/mock_task.go:179.99,185.2 5 0
github.com/solo21-12/A2SV_back_end_track/tree/main/task_seven/mocks/mock_task.go:188.79,191.2 2 0
github.com/solo21-12/A2SV_back_end_track/tree/main/task_seven/mocks/mock_task.go:194.130,199.2 4 0
github.com/solo21-12/A2SV_back_end_track/tree/main/task_seven/mocks/mock_task.go:202.102,205.2 2 0
github.com/solo21-12/A2SV_back_end_track/tree/main/task_seven/mocks/mock_user_repository.go:27.73,31.2 3 0
github.com/solo21-12/A2SV_back_end_track/tree/main/task_seven/mocks/mock_user_repository.go:34.71,36.2 1 0
github.com/solo21-12/A2SV_back_end_track/tree/main/task_seven/mocks/mock_user_repository.go:39.133,45.2 5 0
github.com/solo21-12/A2SV_back_end_track/tree/main/task_seven/mocks/mock_user_repository.go:48.90,51.2 2 0
github.com/solo21-12/A2SV_back_end_track/tree/main/task_seven/mocks/mock_user_repository.go:54.116,60.2 5 0
github.com/solo21-12/A2SV_back_end_track/tree/main/task_seven/mocks/mock_user_repository.go:63.93,66.2 2 0
github.com/solo21-12/A2SV_back_end_track/tree/main/task_seven/mocks/mock_user_repository.go:69.112,75.2 5 0
github.com/solo21-12/A2SV_back_end_track/tree/main/task_seven/mocks/mock_user_repository.go:78.87,81.2 2 0
github.com/solo21-12/A2SV_back_end_track/tree/main/task_seven/mocks/mock_user_repository.go:84.96,89.2 4 0
github.com/solo21-12/A2SV_back_end_track/tree/main/task_seven/mocks/mock_user_repository.go:92.89,95.2 2 0
github.com/solo21-12/A2SV_back_end_track/tree/main/task_seven/Delivery/controllers/login.controller.go:16.51,19.46 2 0
github.com/solo21-12/A2SV_back_end_track/tree/main/task_seven/Delivery/controllers/login.controller.go:19.46,22.3 2 0
github.com/solo21-12/A2SV_back_end_track/tree/main/task_seven/Delivery/controllers/login.controller.go:24.2,26.16 2 0
github.com/solo21-12/A2SV_back_end_track/tree/main/task_seven/Delivery/controllers/login.controller.go:26.16,29.3 2 0
github.com/solo21-12/A2SV_back_end_track/tree/main/task_seven/Delivery/controllers/login.controller.go:31.2,31.107 1 0
github.com/solo21-12/A2SV_back_end_track/tree/main/task_seven/Delivery/controllers/login.controller.go:31.107,34.3 2 0
github.com/solo21-12/A2SV_back_end_track/tree/main/task_seven/Delivery/controllers/login.controller.go:36.2,43.17 3 0
github.com/solo21-12/A2SV_back_end_track/tree/main/task_seven/Delivery/controllers/login.controller.go:43.17,46.3 2 0
github.com/solo21-12/A2SV_back_end_track/tree/main/task_seven/Delivery/controllers/login.controller.go:48.2,53.43 2 0
github.com/solo21-12/A2SV_back_end_track/tree/main/task_seven/Delivery/controllers/promote_user.controller.go:16.59,22.17 3 0
github.com/solo21-12/A2SV_back_end_track/tree/main/task_seven/Delivery/controllers/promote_user.controller.go:22.17,25.3 2 0
github.com/solo21-12/A2SV_back_end_track/tree/main/task_seven/Delivery/controllers/promote_user.controller.go:27.2,27.81 1 0
github.com/solo21-12/A2SV_back_end_track/tree/main/task_seven/Delivery/controllers/sign_up.controller.go:16.52,19.46 2 0
github.com/solo21-12/A2SV_back_end_track/tree/main/task_seven/Delivery/controllers/sign_up.controller.go:19.46,22.3 2 0
github.com/solo21-12/A2SV_back_end_track/tree/main/task_seven/Delivery/controllers/sign_up.controller.go:24.2,26.18 2 0
github.com/solo21-12/A2SV_back_end_track/tree/main/task_seven/Delivery/controllers/sign_up.controller.go:26.18,29.3 2 0
github.com/solo21-12/A2SV_back_end_track/tree/main/task_seven/Delivery/controllers/sign_up.controller.go:31.2,35.17 3 0
github.com/solo21-12/A2SV_back_end_track/tree/main/task_seven/Delivery/controllers/sign_up.controller.go:35.17,38.3 2 0
github.com/solo21-12/A2SV_back_end_track/tree/main/task_seven/Delivery/controllers/sign_up.controller.go:40.2,42.17 2 0
github.com/solo21-12/A2SV_back_end_track/tree/main/task_seven/Delivery/controllers/sign_up.controller.go:42.17,45.3 2 0
github.com/solo21-12/A2SV_back_end_track/tree/main/task_seven/Delivery/controllers/sign_up.controller.go:47.2,52.48 2 0
github.com/solo21-12/A2SV_back_end_track/tree/main/task_seven/Delivery/controllers/task.controller.go:14.51,17.46 2 1
github.com/solo21-12/A2SV_back_end_track/tree/main/task_seven/Delivery/controllers/task.controller.go:17.46,20.3 2 0
github.com/solo21-12/A2SV_back_end_track/tree/main/task_seven/Delivery/controllers/task.controller.go:22.2,24.16 2 1
github.com/solo21-12/A2SV_back_end_track/tree/main/task_seven/Delivery/controllers/task.controller.go:24.16,27.3 2 1
github.com/solo21-12/A2SV_back_end_track/tree/main/task_seven/Delivery/controllers/task.controller.go:29.2,29.47 1 1
github.com/solo21-12/A2SV_back_end_track/tree/main/task_seven/Delivery/controllers/task.controller.go:33.51,36.16 2 1
github.com/solo21-12/A2SV_back_end_track/tree/main/task_seven/Delivery/controllers/task.controller.go:36.16,39.3 2 1
github.com/solo21-12/A2SV_back_end_track/tree/main/task_seven/Delivery/controllers/task.controller.go:41.2,41.40 1 1
github.com/solo21-12/A2SV_back_end_track/tree/main/task_seven/Delivery/controllers/task.controller.go:44.48,49.17 3 1
github.com/solo21-12/A2SV_back_end_track/tree/main/task_seven/Delivery/controllers/task.controller.go:49.17,52.3 2 1
github.com/solo21-12/A2SV_back_end_track/tree/main/task_seven/Delivery/controllers/task.controller.go:54.2,54.39 1 0
github.com/solo21-12/A2SV_back_end_track/tree/main/task_seven/Delivery/controllers/task.controller.go:57.51,61.53 3 0
github.com/solo21-12/A2SV_back_end_track/tree/main/task_seven/Delivery/controllers/task.controller.go:61.53,64.3 2 0
github.com/solo21-12/A2SV_back_end_track/tree/main/task_seven/Delivery/controllers/task.controller.go:66.2,68.16 2 0
github.com/solo21-12/A2SV_back_end_track/tree/main/task_seven/Delivery/controllers/task.controller.go:68.16,71.3 2 0
github.com/solo21-12/A2SV_back_end_track/tree/main/task_seven/Delivery/controllers/task.controller.go:73.2,75.39 2 0
github.com/solo21-12/A2SV_back_end_track/tree/main/task_seven/Delivery/controllers/task.controller.go:79.51,82.58 2 1
github.com/solo21-12/A2SV_back_end_track/tree/main/task_seven/Delivery/controllers/task.controller.go:82.58,85.3 2 1
github.com/solo21-12/A2SV_back_end_track/tree/main/task_seven/Delivery/controllers/task.controller.go:87.2,87.87 1 1
github.com/solo21-12/A2SV_back_end_track/tree/main/task_seven/Domain/error_response.go:13.40,16.2 1 0
github.com/solo21-12/A2SV_back_end_track/tree/main/task_seven/Domain/error_response.go:18.44,23.2 1 0
github.com/solo21-12/A2SV_back_end_track/tree/main/task_seven/Domain/error_response.go:25.46,30.2 1 0
github.com/solo21-12/A2SV_back_end_track/tree/main/task_seven/Domain/error_response.go:32.43,37.2 1 0
github.com/solo21-12/A2SV_back_end_track/tree/main/task_seven/Domain/error_response.go:39.42,44.2 1 0
github.com/solo21-12/A2SV_back_end_track/tree/main/task_seven/Domain/error_response.go:46.53,51.2 1 0
github.com/solo21-12/A2SV_back_end_track/tree/main/task_seven/Domain/error_response.go:53.42,58.2 1 0
github.com/solo21-12/A2SV_back_end_track/tree/main/task_seven/Domain/error_response.go:60.53,65.2 1 0
github.com/solo21-12/A2SV_back_end_track/tree/main/task_seven/Domain/validate.go:7.13,9.2 1 1
github.com/solo21-12/A2SV_back_end_track/tree/main/task_seven/Domain/validate.go:11.33,13.2 1 0
github.com/solo21-12/A2SV_back_end_track/tree/main/task_seven/Domain/validate.go:15.46,17.2 1 0
github.com/solo21-12/A2SV_back_end_track/tree/main/task_seven/Domain/validate.go:19.42,21.2 1 0
github.com/solo21-12/A2SV_back_end_track/tree/main/task_seven/bootstrap/app.go:14.24,22.2 4 0
github.com/solo21-12/A2SV_back_end_track/tree/main/task_seven/bootstrap/app.go:24.45,26.2 1 0
github.com/solo21-12/A2SV_back_end_track/tree/main/task_seven/bootstrap/database.go:12.47,22.16 6 0
github.com/solo21-12/A2SV_back_end_track/tree/main/task_seven/bootstrap/database.go:22.16,24.3 1 0
github.com/solo21-12/A2SV_back_end_track/tree/main/task_seven/bootstrap/database.go:26.2,27.16 2 0
github.com/solo21-12/A2SV_back_end_track/tree/main/task_seven/bootstrap/database.go:27.16,29.3 1 0
github.com/solo21-12/A2SV_back_end_track/tree/main/task_seven/bootstrap/database.go:31.2,31.15 1 0
github.com/solo21-12/A2SV_back_end_track/tree/main/task_seven/bootstrap/database.go:34.72,35.19 1 0
github.com/solo21-12/A2SV_back_end_track/tree/main/task_seven/bootstrap/database.go:35.19,37.3 1 0
github.com/solo21-12/A2SV_back_end_track/tree/main/task_seven/bootstrap/database.go:39.2,40.16 2 0
github.com/solo21-12/A2SV_back_end_track/tree/main/task_seven/bootstrap/database.go:40.16,42.3 1 0
github.com/solo21-12/A2SV_back_end_track/tree/main/task_seven/bootstrap/env.go:21.20,27.16 4 0
github.com/solo21-12/A2SV_back_end_track/tree/main/task_seven/bootstrap/env.go:27.16,29.3 1 0
github.com/solo21-12/A2SV_back_end_track/tree/main/task_seven/bootstrap/env.go:31.2,31.13 1 0
github.com/solo21-12/A2SV_back_end_track/tree/main/task_seven/mocks/mock_auth_middler.go:26.93,30.2 3 0
github.com/solo21-12/A2SV_back_end_track/tree/main/task_seven/mocks/mock_auth_middler.go:33.91,35.2 1 0
github.com/solo21-12/A2SV_back_end_track/tree/main/task_seven/mocks/mock_auth_middler.go:38.73,43.2 4 0
github.com/solo21-12/A2SV_back_end_track/tree/main/task_seven/mocks/mock_auth_middler.go:46.83,49.2 2 0
github.com/solo21-12/A2SV_back_end_track/tree/main/task_seven/mocks/mock_auth_middler.go:52.93,55.26 3 0
github.com/solo21-12/A2SV_back_end_track/tree/main/task_seven/mocks/mock_auth_middler.go:55.26,57.3 1 0
github.com/solo21-12/A2SV_back_end_track/tree/main/task_seven/mocks/mock_auth_middler.go:58.2,60.13 3 0
github.com/solo21-12/A2SV_back_end_track/tree/main/task_seven/mocks/mock_auth_middler.go:64.108,67.2 2 0
github.com/solo21-12/A2SV_back_end_track/tree/main/task_seven/mocks/mock_jwt_service.go:26.65,30.2 3 0
github.com/solo21-12/A2SV_back_end_track/tree/main/task_seven/mocks/mock_jwt_service.go:33.63,35.2 1 0
github.com/solo21-12/A2SV_back_end_track/tree/main/task_seven/mocks/mock_jwt_service.go:38.81,44.2 5 0
github.com/solo21-12/A2SV_back_end_track/tree/main/task_seven/mocks/mock_jwt_service.go:47.88,50.2 2 0
github.com/solo21-12/A2SV_back_end_track/tree/main/task_seven/mocks/mock_jwt_service.go:53.83,59.2 5 0
github.com/solo21-12/A2SV_back_end_track/tree/main/task_seven/mocks/mock_jwt_service.go:62.86,65.2 2 0
github.com/solo21-12/A2SV_back_end_track/tree/main/task_seven/mocks/mock_jwt_service.go:68.82,74.2 5 0
github.com/solo21-12/A2SV_back_end_track/tree/main/task_seven/mocks/mock_jwt_service.go:77.95,80.2 2 0
github.com/solo21-12/A2SV_back_end_track/tree/main/task_seven/mocks/mock_jwt_service.go:83.85,89.2 5 0
github.com/solo21-12/A2SV_back_end_track/tree/main/task_seven/mocks/mock_jwt_service.go:92.88,95.2 2 0
github.com/solo21-12/A2SV_back_end_track/tree/main/task_seven/mocks/mock_login_usecase.go:27.69,31.2 3 0
github.com/solo21-12/A2SV_back_end_track/tree/main/task_seven/mocks/mock_login_usecase.go:34.67,36.2 1 0
github.com/solo21-12/A2SV_back_end_track/tree/main/task_seven/mocks/mock_login_usecase.go:39.83,45.2 5 0
github.com/solo21-12/A2SV_back_end_track/tree/main/task_seven/mocks/mock_login_usecase.go:48.90,51.2 2 0
github.com/solo21-12/A2SV_back_end_track/tree/main/task_seven/mocks/mock_login_usecase.go:54.114,60.2 5 0
github.com/solo21-12/A2SV_back_end_track/tree/main/task_seven/mocks/mock_login_usecase.go:63.91,66.2 2 0
github.com/solo21-12/A2SV_back_end_track/tree/main/task_seven/mocks/mock_login_usecase.go:69.83,74.2 4 0
github.com/solo21-12/A2SV_back_end_track/tree/main/task_seven/mocks/mock_login_usecase.go:77.109,80.2 2 0
github.com/solo21-12/A2SV_back_end_track/tree/main/task_seven/mocks/mock_password_service.go:25.75,29.2 3 0
github.com/solo21-12/A2SV_back_end_track/tree/main/task_seven/mocks/mock_password_service.go:32.73,34.2 1 0
github.com/solo21-12/A2SV_back_end_track/tree/main/task_seven/mocks/mock_password_service.go:37.80,43.2 5 0
github.com/solo21-12/A2SV_back_end_track/tree/main/task_seven/mocks/mock_password_service.go:46.95,49.2 2 0
github.com/solo21-12/A2SV_back_end_track/tree/main/task_seven/mocks/mock_password_service.go:52.86,57.2 4 0
github.com/solo21-12/A2SV_back_end_track/tree/main/task_seven/mocks/mock_password_service.go:60.112,63.2 2 0
github.com/solo21-12/A2SV_back_end_track/tree/main/task_seven/mocks/mock_promote_usecase.go:27.73,31.2 3 0
github.com/solo21-12/A2SV_back_end_track/tree/main/task_seven/mocks/mock_promote_usecase.go:34.71,36.2 1 0
github.com/solo21-12/A2SV_back_end_track/tree/main/task_seven/mocks/mock_promote_usecase.go:39.100,44.2 4 0
github.com/solo21-12/A2SV_back_end_track/tree/main/task_seven/mocks/mock_promote_usecase.go:47.93,50.2 2 0
github.com/solo21-12/A2SV_back_end_track/tree/main/task_seven/mocks/mock_signup_repository.go:27.71,31.2 3 0
github.com/solo21-12/A2SV_back_end_track/tree/main/task_seven/mocks/mock_signup_repository.go:34.69,36.2 1 0
github.com/solo21-12/A2SV_back_end_track/tree/main/task_seven/mocks/mock_signup_repository.go:39.84,45.2 5 0
github.com/solo21-12/A2SV_back_end_track/tree/main/task_seven/mocks/mock_signup_repository.go:48.91,51.2 2 0
github.com/solo21-12/A2SV_back_end_track/tree/main/task_seven/mocks/mock_signup_repository.go:54.132,60.2 5 0
github.com/solo21-12/A2SV_back_end_track/tree/main/task_seven/mocks/mock_signup_repository.go:63.89,66.2 2 0
github.com/solo21-12/A2SV_back_end_track/tree/main/task_seven/mocks/mock_signup_repository.go:69.78,75.2 5 0
github.com/solo21-12/A2SV_back_end_track/tree/main/task_seven/mocks/mock_signup_repository.go:78.93,81.2 2 0
github.com/solo21-12/A2SV_back_end_track/tree/main/task_seven/mocks/mock_task.go:27.73,31.2 3 0
github.com/solo21-12/A2SV_back_end_track/tree/main/task_seven/mocks/mock_task.go:34.71,36.2 1 0
github.com/solo21-12/A2SV_back_end_track/tree/main/task_seven/mocks/mock_task.go:39.132,45.2 5 0
github.com/solo21-12/A2SV_back_end_track/tree/main/task_seven/mocks/mock_task.go:48.93,51.2 2 0
github.com/solo21-12/A2SV_back_end_track/tree/main/task_seven/mocks/mock_task.go:54.99,59.2 4 0
github.com/solo21-12/A2SV_back_end_track/tree/main/task_seven/mocks/mock_task.go:62.92,65.2 2 0
github.com/solo21-12/A2SV_back_end_track/tree/main/task_seven/mocks/mock_task.go:68.118,74.2 5 0
github.com/solo21-12/A2SV_back_end_track/tree/main/task_seven/mocks/mock_task.go:77.93,80.2 2 0
github.com/solo21-12/A2SV_back_end_track/tree/main/task_seven/mocks/mock_task.go:83.102,89.2 5 0
github.com/solo21-12/A2SV_back_end_track/tree/main/task_seven/mocks/mock_task.go:92.82,95.2 2 0
github.com/solo21-12/A2SV_back_end_track/tree/main/task_seven/mocks/mock_task.go:98.133,103.2 4 0
github.com/solo21-12/A2SV_back_end_track/tree/main/task_seven/mocks/mock_task.go:106.105,109.2 2 0
github.com/solo21-12/A2SV_back_end_track/tree/main/task_seven/mocks/mock_task.go:123.67,127.2 3 1
github.com/solo21-12/A2SV_back_end_track/tree/main/task_seven/mocks/mock_task.go:130.65,132.2 1 1
github.com/solo21-12/A2SV_back_end_track/tree/main/task_seven/mocks/mock_task.go:135.129,141.2 5 1
github.com/solo21-12/A2SV_back_end_track/tree/main/task_seven/mocks/mock_task.go:144.90,147.2 2 1
github.com/solo21-12/A2SV_back_end_track/tree/main/task_seven/mocks/mock_task.go:150.96,155.2 4 1
github.com/solo21-12/A2SV_back_end_track/tree/main/task_seven/mocks/mock_task.go:158.89,161.2 2 1
github.com/solo21-12/A2SV_back_end_track/tree/main/task_seven/mocks/mock_task.go:164.115,170.2 5 1
github.com/solo21-12/A2SV_back_end_track/tree/main/task_seven/mocks/mock_task.go:173.90,176.2 2 1
github.com/solo21-12/A2SV_back_end_track/tree/main/task_seven/mocks/mock_task.go:179.99,185.2 5 1
github.com/solo21-12/A2SV_back_end_track/tree/main/task_seven/mocks/mock_task.go:188.79,191.2 2 1
github.com/solo21-12/A2SV_back_end_track/tree/main/task_seven/mocks/mock_task.go:194.130,199.2 4 0
github.com/solo21-12/A2SV_back_end_track/tree/main/task_seven/mocks/mock_task.go:202.102,205.2 2 0
github.com/solo21-12/A2SV_back_end_track/tree/main/task_seven/mocks/mock_user_repository.go:27.73,31.2 3 0
github.com/solo21-12/A2SV_back_end_track/tree/main/task_seven/mocks/mock_user_repository.go:34.71,36.2 1 0
github.com/solo21-12/A2SV_back_end_track/tree/main/task_seven/mocks/mock_user_repository.go:39.133,45.2 5 0
github.com/solo21-12/A2SV_back_end_track/tree/main/task_seven/mocks/mock_user_repository.go:48.90,51.2 2 0
github.com/solo21-12/A2SV_back_end_track/tree/main/task_seven/mocks/mock_user_repository.go:54.116,60.2 5 0
github.com/solo21-12/A2SV_back_end_track/tree/main/task_seven/mocks/mock_user_repository.go:63.93,66.2 2 0
github.com/solo21-12/A2SV_back_end_track/tree/main/task_seven/mocks/mock_user_repository.go:69.112,75.2 5 0
github.com/solo21-12/A2SV_back_end_track/tree/main/task_seven/mocks/mock_user_repository.go:78.87,81.2 2 0
github.com/solo21-12/A2SV_back_end_track/tree/main/task_seven/mocks/mock_user_repository.go:84.96,89.2 4 0
github.com/solo21-12/A2SV_back_end_track/tree/main/task_seven/mocks/mock_user_repository.go:92.89,95.2 2 0
github.com/solo21-12/A2SV_back_end_track/tree/main/task_seven/Domain/error_response.go:13.40,16.2 1 0
github.com/solo21-12/A2SV_back_end_track/tree/main/task_seven/Domain/error_response.go:18.44,23.2 1 0
github.com/solo21-12/A2SV_back_end_track/tree/main/task_seven/Domain/error_response.go:25.46,30.2 1 0
github.com/solo21-12/A2SV_back_end_track/tree/main/task_seven/Domain/error_response.go:32.43,37.2 1 0
github.com/solo21-12/A2SV_back_end_track/tree/main/task_seven/Domain/error_response.go:39.42,44.2 1 0
github.com/solo21-12/A2SV_back_end_track/tree/main/task_seven/Domain/error_response.go:46.53,51.2 1 0
github.com/solo21-12/A2SV_back_end_track/tree/main/task_seven/Domain/error_response.go:53.42,58.2 1 0
github.com/solo21-12/A2SV_back_end_track/tree/main/task_seven/Domain/error_response.go:60.53,65.2 1 0
github.com/solo21-12/A2SV_back_end_track/tree/main/task_seven/Domain/validate.go:7.13,9.2 1 1
github.com/solo21-12/A2SV_back_end_track/tree/main/task_seven/Domain/validate.go:11.33,13.2 1 0
github.com/solo21-12/A2SV_back_end_track/tree/main/task_seven/Domain/validate.go:15.46,17.2 1 0
github.com/solo21-12/A2SV_back_end_track/tree/main/task_seven/Domain/validate.go:19.42,21.2 1 0
github.com/solo21-12/A2SV_back_end_track/tree/main/task_seven/UseCases/login.usecase.go:15.151,21.2 1 0
github.com/solo21-12/A2SV_back_end_track/tree/main/task_seven/UseCases/login.usecase.go:23.110,26.2 1 0
github.com/solo21-12/A2SV_back_end_track/tree/main/task_seven/UseCases/login.usecase.go:27.95,30.2 1 0
github.com/solo21-12/A2SV_back_end_track/tree/main/task_seven/UseCases/login.usecase.go:31.86,33.2 1 0
github.com/solo21-12/A2SV_back_end_track/tree/main/task_seven/UseCases/promote.usecase.go:13.83,17.2 1 0
github.com/solo21-12/A2SV_back_end_track/tree/main/task_seven/UseCases/promote.usecase.go:19.96,21.2 1 0
github.com/solo21-12/A2SV_back_end_track/tree/main/task_seven/UseCases/sign_up.usecase.go:15.153,21.2 1 0
github.com/solo21-12/A2SV_back_end_track/tree/main/task_seven/UseCases/sign_up.usecase.go:23.128,25.2 1 0
github.com/solo21-12/A2SV_back_end_track/tree/main/task_seven/UseCases/sign_up.usecase.go:27.96,29.2 1 0
github.com/solo21-12/A2SV_back_end_track/tree/main/task_seven/UseCases/sign_up.usecase.go:31.74,33.2 1 0
github.com/solo21-12/A2SV_back_end_track/tree/main/task_seven/UseCases/task.usecase.go:13.78,17.2 1 1
github.com/solo21-12/A2SV_back_end_track/tree/main/task_seven/UseCases/task.usecase.go:19.95,21.2 1 1
github.com/solo21-12/A2SV_back_end_track/tree/main/task_seven/UseCases/task.usecase.go:22.111,25.2 1 1
github.com/solo21-12/A2SV_back_end_track/tree/main/task_seven/UseCases/task.usecase.go:26.125,29.2 1 1
github.com/solo21-12/A2SV_back_end_track/tree/main/task_seven/UseCases/task.usecase.go:30.92,33.2 1 1
github.com/solo21-12/A2SV_back_end_track/tree/main/task_seven/UseCases/task.usecase.go:34.126,37.2 1 1
github.com/solo21-12/A2SV_back_end_track/tree/main/task_seven/bootstrap/app.go:14.24,22.2 4 0
github.com/solo21-12/A2SV_back_end_track/tree/main/task_seven/bootstrap/app.go:24.45,26.2 1 0
github.com/solo21-12/A2SV_back_end_track/tree/main/task_seven/bootstrap/database.go:12.47,22.16 6 0
github.com/solo21-12/A2SV_back_end_track/tree/main/task_seven/bootstrap/database.go:22.16,24.3 1 0
github.com/solo21-12/A2SV_back_end_track/tree/main/task_seven/bootstrap/database.go:26.2,27.16 2 0
github.com/solo21-12/A2SV_back_end_track/tree/main/task_seven/bootstrap/database.go:27.16,29.3 1 0
github.com/solo21-12/A2SV_back_end_track/tree/main/task_seven/bootstrap/database.go:31.2,31.15 1 0
github.com/solo21-12/A2SV_back_end_track/tree/main/task_seven/bootstrap/database.go:34.72,35.19 1 0
github.com/solo21-12/A2SV_back_end_track/tree/main/task_seven/bootstrap/database.go:35.19,37.3 1 0
github.com/solo21-12/A2SV_back_end_track/tree/main/task_seven/bootstrap/database.go:39.2,40.16 2 0
github.com/solo21-12/A2SV_back_end_track/tree/main/task_seven/bootstrap/database.go:40.16,42.3 1 0
github.com/solo21-12/A2SV_back_end_track/tree/main/task_seven/bootstrap/env.go:21.20,27.16 4 1
github.com/solo21-12/A2SV_back_end_track/tree/main/task_seven/bootstrap/env.go:27.16,29.3 1 0
github.com/solo21-12/A2SV_back_end_track/tree/main/task_seven/bootstrap/env.go:31.2,31.13 1 1
github.com/solo21-12/A2SV_back_end_track/tree/main/task_seven/mocks/mock_auth_middler.go:26.93,30.2 3 0
github.com/solo21-12/A2SV_back_end_track/tree/main/task_seven/mocks/mock_auth_middler.go:33.91,35.2 1 0
github.com/solo21-12/A2SV_back_end_track/tree/main/task_seven/mocks/mock_auth_middler.go:38.73,43.2 4 0
github.com/solo21-12/A2SV_back_end_track/tree/main/task_seven/mocks/mock_auth_middler.go:46.83,49.2 2 0
github.com/solo21-12/A2SV_back_end_track/tree/main/task_seven/mocks/mock_auth_middler.go:52.93,55.26 3 0
github.com/solo21-12/A2SV_back_end_track/tree/main/task_seven/mocks/mock_auth_middler.go:55.26,57.3 1 0
github.com/solo21-12/A2SV_back_end_track/tree/main/task_seven/mocks/mock_auth_middler.go:58.2,60.13 3 0
github.com/solo21-12/A2SV_back_end_track/tree/main/task_seven/mocks/mock_auth_middler.go:64.108,67.2 2 0
github.com/solo21-12/A2SV_back_end_track/tree/main/task_seven/mocks/mock_jwt_service.go:26.65,30.2 3 0
github.com/solo21-12/A2SV_back_end_track/tree/main/task_seven/mocks/mock_jwt_service.go:33.63,35.2 1 0
github.com/solo21-12/A2SV_back_end_track/tree/main/task_seven/mocks/mock_jwt_service.go:38.81,44.2 5 0
github.com/solo21-12/A2SV_back_end_track/tree/main/task_seven/mocks/mock_jwt_service.go:47.88,50.2 2 0
github.com/solo21-12/A2SV_back_end_track/tree/main/task_seven/mocks/mock_jwt_service.go:53.83,59.2 5 0
github.com/solo21-12/A2SV_back_end_track/tree/main/task_seven/mocks/mock_jwt_service.go:62.86,65.2 2 0
github.com/solo21-12/A2SV_back_end_track/tree/main/task_seven/mocks/mock_jwt_service.go:68.82,74.2 5 0
github.com/solo21-12/A2SV_back_end_track/tree/main/task_seven/mocks/mock_jwt_service.go:77.95,80.2 2 0
github.com/solo21-12/A2SV_back_end_track/tree/main/task_seven/mocks/mock_jwt_service.go:83.85,89.2 5 0
github.com/solo21-12/A2SV_back_end_track/tree/main/task_seven/mocks/mock_jwt_service.go:92.88,95.2 2 0
github.com/solo21-12/A2SV_back_end_track/tree/main/task_seven/mocks/mock_login_usecase.go:27.69,31.2 3 0
github.com/solo21-12/A2SV_back_end_track/tree/main/task_seven/mocks/mock_login_usecase.go:34.67,36.2 1 0
github.com/solo21-12/A2SV_back_end_track/tree/main/task_seven/mocks/mock_login_usecase.go:39.83,45.2 5 0
github.com/solo21-12/A2SV_back_end_track/tree/main/task_seven/mocks/mock_login_usecase.go:48.90,51.2 2 0
github.com/solo21-12/A2SV_back_end_track/tree/main/task_seven/mocks/mock_login_usecase.go:54.114,60.2 5 0
github.com/solo21-12/A2SV_back_end_track/tree/main/task_seven/mocks/mock_login_usecase.go:63.91,66.2 2 0
github.com/solo21-12/A2SV_back_end_track/tree/main/task_seven/mocks/mock_login_usecase.go:69.83,74.2 4 0
github.com/solo21-12/A2SV_back_end_track/tree/main/task_seven/mocks/mock_login_usecase.go:77.109,80.2 2 0
github.com/solo21-12/A2SV_back_end_track/tree/main/task_seven/mocks/mock_password_service.go:25.75,29.2 3 0
github.com/solo21-12/A2SV_back_end_track/tree/main/task_seven/mocks/mock_password_service.go:32.73,34.2 1 0
github.com/solo21-12/A2SV_back_end_track/tree/main/task_seven/mocks/mock_password_service.go:37.80,43.2 5 0
github.com/solo21-12/A2SV_back_end_track/tree/main/task_seven/mocks/mock_password_service.go:46.95,49.2 2 0
github.com/solo21-12/A2SV_back_end_track/tree/main/task_seven/mocks/mock_password_service.go:52.86,57.2 4 0
github.com/solo21-12/A2SV_back_end_track/tree/main/task_seven/mocks/mock_password_service.go:60.112,63.2 2 0
github.com/solo21-12/A2SV_back_end_track/tree/main/task_seven/mocks/mock_promote_usecase.go:27.73,31.2 3 0
github.com/solo21-12/A2SV_back_end_track/tree/main/task_seven/mocks/mock_promote_usecase.go:34.71,36.2 1 0
github.com/solo21-12/A2SV_back_end_track/tree/main/task_seven/mocks/mock_promote_usecase.go:39.100,44.2 4 0
github.com/solo21-12/A2SV_back_end_track/tree/main/task_seven/mocks/mock_promote_usecase.go:47.93,50.2 2 0
github.com/solo21-12/A2SV_back_end_track/tree/main/task_seven/mocks/mock_signup_repository.go:27.71,31.2 3 0
github.com/solo21-12/A2SV_back_end_track/tree/main/task_seven/mocks/mock_signup_repository.go:34.69,36.2 1 0
github.com/solo21-12/A2SV_back_end_track/tree/main/task_seven/mocks/mock_signup_repository.go:39.84,45.2 5 0
github.com/solo21-12/A2SV_back_end_track/tree/main/task_seven/mocks/mock_signup_repository.go:48.91,51.2 2 0
github.com/solo21-12/A2SV_back_end_track/tree/main/task_seven/mocks/mock_signup_repository.go:54.132,60.2 5 0
github.com/solo21-12/A2SV_back_end_track/tree/main/task_seven/mocks/mock_signup_repository.go:63.89,66.2 2 0
github.com/solo21-12/A2SV_back_end_track/tree/main/task_seven/mocks/mock_signup_repository.go:69.78,75.2 5 0
github.com/solo21-12/A2SV_back_end_track/tree/main/task_seven/mocks/mock_signup_repository.go:78.93,81.2 2 0
github.com/solo21-12/A2SV_back_end_track/tree/main/task_seven/mocks/mock_task.go:27.73,31.2 3 1
github.com/solo21-12/A2SV_back_end_track/tree/main/task_seven/mocks/mock_task.go:34.71,36.2 1 1
github.com/solo21-12/A2SV_back_end_track/tree/main/task_seven/mocks/mock_task.go:39.132,45.2 5 1
github.com/solo21-12/A2SV_back_end_track/tree/main/task_seven/mocks/mock_task.go:48.93,51.2 2 1
github.com/solo21-12/A2SV_back_end_track/tree/main/task_seven/mocks/mock_task.go:54.99,59.2 4 1
github.com/solo21-12/A2SV_back_end_track/tree/main/task_seven/mocks/mock_task.go:62.92,65.2 2 1
github.com/solo21-12/A2SV_back_end_track/tree/main/task_seven/mocks/mock_task.go:68.118,74.2 5 1
github.com/solo21-12/A2SV_back_end_track/tree/main/task_seven/mocks/mock_task.go:77.93,80.2 2 1
github.com/solo21-12/A2SV_back_end_track/tree/main/task_seven/mocks/mock_task.go:83.102,89.2 5 1
github.com/solo21-12/A2SV_back_end_track/tree/main/task_seven/mocks/mock_task.go:92.82,95.2 2 1
github.com/solo21-12/A2SV_back_end_track/tree/main/task_seven/mocks/mock_task.go:98.133,103.2 4 1
github.com/solo21-12/A2SV_back_end_track/tree/main/task_seven/mocks/mock_task.go:106.105,109.2 2 1
github.com/solo21-12/A2SV_back_end_track/tree/main/task_seven/mocks/mock_task.go:123.67,127.2 3 0
github.com/solo21-12/A2SV_back_end_track/tree/main/task_seven/mocks/mock_task.go:130.65,132.2 1 0
github.com/solo21-12/A2SV_back_end_track/tree/main/task_seven/mocks/mock_task.go:135.129,141.2 5 0
github.com/solo21-12/A2SV_back_end_track/tree/main/task_seven/mocks/mock_task.go:144.90,147.2 2 0
github.com/solo21-12/A2SV_back_end_track/tree/main/task_seven/mocks/mock_task.go:150.96,155.2 4 0
github.com/solo21-12/A2SV_back_end_track/tree/main/task_seven/mocks/mock_task.go:158.89,161.2 2 0
github.com/solo21-12/A2SV_back_end_track/tree/main/task_seven/mocks/mock_task.go:164.115,170.2 5 0
github.com/solo21-12/A2SV_back_end_track/tree/main/task_seven/mocks/mock_task.go:173.90,176.2 2 0
github.com/solo21-12/A2SV_back_end_track/tree/main/task_seven/mocks/mock_task.go:179.99,185.2 5 0
github.com/solo21-12/A2SV_back_end_track/tree/main/task_seven/mocks/mock_task.go:188.79,191.2 2 0
github.com/solo21-12/A2SV_back_end_track/tree/main/task_seven/mocks/mock_task.go:194.130,199.2 4 0
github.com/solo21-12/A2SV_back_end_track/tree/main/task_seven/mocks/mock_task.go:202.102,205.2 2 0
github.com/solo21-12/A2SV_back_end_track/tree/main/task_seven/mocks/mock_user_repository.go:27.73,31.2 3 0
github.com/solo21-12/A2SV_back_end_track/tree/main/task_seven/mocks/mock_user_repository.go:34.71,36.2 1 0
github.com/solo21-12/A2SV_back_end_track/tree/main/task_seven/mocks/mock_user_repository.go:39.133,45.2 5 0
github.com/solo21-12/A2SV_back_end_track/tree/main/task_seven/mocks/mock_user_repository.go:48.90,51.2 2 0
github.com/solo21-12/A2SV_back_end_track/tree/main/task_seven/mocks/mock_user_repository.go:54.116,60.2 5 0
github.com/solo21-12/A2SV_back_end_track/tree/main/task_seven/mocks/mock_user_repository.go:63.93,66.2 2 0
github.com/solo21-12/A2SV_back_end_track/tree/main/task_seven/mocks/mock_user_repository.go:69.112,75.2 5 0
github.com/solo21-12/A2SV_back_end_track/tree/main/task_seven/mocks/mock_user_repository.go:78.87,81.2 2 0
github.com/solo21-12/A2SV_back_end_track/tree/main/task_seven/mocks/mock_user_repository.go:84.96,89.2 4 0
github.com/solo21-12/A2SV_back_end_track/tree/main/task_seven/mocks/mock_user_repository.go:92.89,95.2 2 0
github.com/solo21-12/A2SV_back_end_track/tree/main/task_seven/Delivery/controllers/login.controller.go:16.51,19.46 2 1
github.com/solo21-12/A2SV_back_end_track/tree/main/task_seven/Delivery/controllers/login.controller.go:19.46,22.3 2 1
github.com/solo21-12/A2SV_back_end_track/tree/main/task_seven/Delivery/controllers/login.controller.go:24.2,26.16 2 1
github.com/solo21-12/A2SV_back_end_track/tree/main/task_seven/Delivery/controllers/login.controller.go:26.16,29.3 2 1
github.com/solo21-12/A2SV_back_end_track/tree/main/task_seven/Delivery/controllers/login.controller.go:31.2,31.107 1 1
github.com/solo21-12/A2SV_back_end_track/tree/main/task_seven/Delivery/controllers/login.controller.go:31.107,34.3 2 1
github.com/solo21-12/A2SV_back_end_track/tree/main/task_seven/Delivery/controllers/login.controller.go:36.2,43.17 3 1
github.com/solo21-12/A2SV_back_end_track/tree/main/task_seven/Delivery/controllers/login.controller.go:43.17,46.3 2 1
github.com/solo21-12/A2SV_back_end_track/tree/main/task_seven/Delivery/controllers/login.controller.go:48.2,53.43 2 1
github.com/solo21-12/A2SV_back_end_track/tree/main/task_seven/Delivery/controllers/promote_user.controller.go:16.59,22.17 3 1
github.com/solo21-12/A2SV_back_end_track/tree/main/task_seven/Delivery/controllers/promote_user.controller.go:22.17,25.3 2 1
github.com/solo21-12/A2SV_back_end_track/tree/main/task_seven/Delivery/controllers/promote_user.controller.go:27.2,27.81 1 1
github.com/solo21-12/A2SV_back_end_track/tree/main/task_seven/Delivery/controllers/sign_up.controller.go:16.52,19.46 2 1
github.com/solo21-12/A2SV_back_end_track/tree/main/task_seven/Delivery/controllers/sign_up.controller.go:19.46,22.3 2 0
github.com/solo21-12/A2SV_back_end_track/tree/main/task_seven/Delivery/controllers/sign_up.controller.go:24.2,26.18 2 1
github.com/solo21-12/A2SV_back_end_track/tree/main/task_seven/Delivery/controllers/sign_up.controller.go:26.18,29.3 2 0
github.com/solo21-12/A2SV_back_end_track/tree/main/task_seven/Delivery/controllers/sign_up.controller.go:31.2,35.17 3 1
github.com/solo21-12/A2SV_back_end_track/tree/main/task_seven/Delivery/controllers/sign_up.controller.go:35.17,38.3 2 0
github.com/solo21-12/A2SV_back_end_track/tree/main/task_seven/Delivery/controllers/sign_up.controller.go:40.2,42.17 2 1
github.com/solo21-12/A2SV_back_end_track/tree/main/task_seven/Delivery/controllers/sign_up.controller.go:42.17,45.3 2 0
github.com/solo21-12/A2SV_back_end_track/tree/main/task_seven/Delivery/controllers/sign_up.controller.go:47.2,52.48 2 1
github.com/solo21-12/A2SV_back_end_track/tree/main/task_seven/Delivery/controllers/task.controller.go:14.51,17.46 2 0
github.com/solo21-12/A2SV_back_end_track/tree/main/task_seven/Delivery/controllers/task.controller.go:17.46,20.3 2 0
github.com/solo21-12/A2SV_back_end_track/tree/main/task_seven/Delivery/controllers/task.controller.go:22.2,24.16 2 0
github.com/solo21-12/A2SV_back_end_track/tree/main/task_seven/Delivery/controllers/task.controller.go:24.16,27.3 2 0
github.com/solo21-12/A2SV_back_end_track/tree/main/task_seven/Delivery/controllers/task.controller.go:29.2,29.47 1 0
github.com/solo21-12/A2SV_back_end_track/tree/main/task_seven/Delivery/controllers/task.controller.go:33.51,36.16 2 0
github.com/solo21-12/A2SV_back_end_track/tree/main/task_seven/Delivery/controllers/task.controller.go:36.16,39.3 2 0
github.com/solo21-12/A2SV_back_end_track/tree/main/task_seven/Delivery/controllers/task.controller.go:41.2,41.40 1 0
github.com/solo21-12/A2SV_back_end_track/tree/main/task_seven/Delivery/controllers/task.controller.go:44.48,49.17 3 0
github.com/solo21-12/A2SV_back_end_track/tree/main/task_seven/Delivery/controllers/task.controller.go:49.17,52.3 2 0
github.com/solo21-12/A2SV_back_end_track/tree/main/task_seven/Delivery/controllers/task.controller.go:54.2,54.39 1 0
github.com/solo21-12/A2SV_back_end_track/tree/main/task_seven/Delivery/controllers/task.controller.go:57.51,61.53 3 0
github.com/solo21-12/A2SV_back_end_track/tree/main/task_seven/Delivery/controllers/task.controller.go:61.53,64.3 2 0
github.com/solo21-12/A2SV_back_end_track/tree/main/task_seven/Delivery/controllers/task.controller.go:66.2,68.16 2 0
github.com/solo21-12/A2SV_back_end_track/tree/main/task_seven/Delivery/controllers/task.controller.go:68.16,71.3 2 0
github.com/solo21-12/A2SV_back_end_track/tree/main/task_seven/Delivery/controllers/task.controller.go:73.2,75.39 2 0
github.com/solo21-12/A2SV_back_end_track/tree/main/task_seven/Delivery/controllers/task.controller.go:79.51,82.58 2 0
github.com/solo21-12/A2SV_back_end_track/tree/main/task_seven/Delivery/controllers/task.controller.go:82.58,85.3 2 0
github.com/solo21-12/A2SV_back_end_track/tree/main/task_seven/Delivery/controllers/task.controller.go:87.2,87.87 1 0
github.com/solo21-12/A2SV_back_end_track/tree/main/task_seven/Domain/error_response.go:13.40,16.2 1 0
github.com/solo21-12/A2SV_back_end_track/tree/main/task_seven/Domain/error_response.go:18.44,23.2 1 0
github.com/solo21-12/A2SV_back_end_track/tree/main/task_seven/Domain/error_response.go:25.46,30.2 1 0
github.com/solo21-12/A2SV_back_end_track/tree/main/task_seven/Domain/error_response.go:32.43,37.2 1 0
github.com/solo21-12/A2SV_back_end_track/tree/main/task_seven/Domain/error_response.go:39.42,44.2 1 0
github.com/solo21-12/A2SV_back_end_track/tree/main/task_seven/Domain/error_response.go:46.53,51.2 1 0
github.com/solo21-12/A2SV_back_end_track/tree/main/task_seven/Domain/error_response.go:53.42,58.2 1 0
github.com/solo21-12/A2SV_back_end_track/tree/main/task_seven/Domain/error_response.go:60.53,65.2 1 0
github.com/solo21-12/A2SV_back_end_track/tree/main/task_seven/Domain/validate.go:7.13,9.2 1 1
github.com/solo21-12/A2SV_back_end_track/tree/main/task_seven/Domain/validate.go:11.33,13.2 1 0
github.com/solo21-12/A2SV_back_end_track/tree/main/task_seven/Domain/validate.go:15.46,17.2 1 0
github.com/solo21-12/A2SV_back_end_track/tree/main/task_seven/Domain/validate.go:19.42,21.2 1 0
github.com/solo21-12/A2SV_back_end_track/tree/main/task_seven/Infrastructure/auth.middleware.go:21.86,25.2 1 0
github.com/solo21-12/A2SV_back_end_track/tree/main/task_seven/Infrastructure/auth.middleware.go:27.59,29.32 1 0
github.com/solo21-12/A2SV_back_end_track/tree/main/task_seven/Infrastructure/auth.middleware.go:29.32,33.17 3 0
github.com/solo21-12/A2SV_back_end_track/tree/main/task_seven/Infrastructure/auth.middleware.go:33.17,37.4 3 0
github.com/solo21-12/A2SV_back_end_track/tree/main/task_seven/Infrastructure/auth.middleware.go:39.3,39.13 1 0
github.com/solo21-12/A2SV_back_end_track/tree/main/task_seven/Infrastructure/auth.middleware.go:43.79,45.32 1 0
github.com/solo21-12/A2SV_back_end_track/tree/main/task_seven/Infrastructure/auth.middleware.go:45.32,49.17 2 0
github.com/solo21-12/A2SV_back_end_track/tree/main/task_seven/Infrastructure/auth.middleware.go:49.17,53.4 3 0
github.com/solo21-12/A2SV_back_end_track/tree/main/task_seven/Infrastructure/auth.middleware.go:55.3,59.17 3 0
github.com/solo21-12/A2SV_back_end_track/tree/main/task_seven/Infrastructure/auth.middleware.go:60.33,63.31 2 0
github.com/solo21-12/A2SV_back_end_track/tree/main/task_seven/Infrastructure/auth.middleware.go:63.31,64.25 1 0
github.com/solo21-12/A2SV_back_end_track/tree/main/task_seven/Infrastructure/auth.middleware.go:64.25,66.11 2 0
github.com/solo21-12/A2SV_back_end_track/tree/main/task_seven/Infrastructure/auth.middleware.go:70.4,70.18 1 0
github.com/solo21-12/A2SV_back_end_track/tree/main/task_seven/Infrastructure/auth.middleware.go:70.18,74.5 3 0
github.com/solo21-12/A2SV_back_end_track/tree/main/task_seven/Infrastructure/auth.middleware.go:77.3,77.13 1 0
github.com/solo21-12/A2SV_back_end_track/tree/main/task_seven/Infrastructure/jwt.service.go:17.58,21.2 1 1
github.com/solo21-12/A2SV_back_end_track/tree/main/task_seven/Infrastructure/jwt.service.go:23.93,39.16 6 1
github.com/solo21-12/A2SV_back_end_track/tree/main/task_seven/Infrastructure/jwt.service.go:39.16,41.3 1 0
github.com/solo21-12/A2SV_back_end_track/tree/main/task_seven/Infrastructure/jwt.service.go:43.2,43.15 1 1
github.com/solo21-12/A2SV_back_end_track/tree/main/task_seven/Infrastructure/jwt.service.go:48.81,51.112 2 0
github.com/solo21-12/A2SV_back_end_track/tree/main/task_seven/Infrastructure/jwt.service.go:51.112,52.58 1 0
github.com/solo21-12/A2SV_back_end_track/tree/main/task_seven/Infrastructure/jwt.service.go:52.58,54.4 1 0
github.com/solo21-12/A2SV_back_end_track/tree/main/task_seven/Infrastructure/jwt.service.go:55.3,55.24 1 0
github.com/solo21-12/A2SV_back_end_track/tree/main/task_seven/Infrastructure/jwt.service.go:58.2,58.32 1 0
github.com/solo21-12/A2SV_back_end_track/tree/main/task_seven/Infrastructure/jwt.service.go:58.32,60.3 1 0
github.com/solo21-12/A2SV_back_end_track/tree/main/task_seven/Infrastructure/jwt.service.go:62.2,63.9 2 0
github.com/solo21-12/A2SV_back_end_track/tree/main/task_seven/Infrastructure/jwt.service.go:63.9,65.3 1 0
github.com/solo21-12/A2SV_back_end_track/tree/main/task_seven/Infrastructure/jwt.service.go:67.2,67.20 1 0
github.com/solo21-12/A2SV_back_end_track/tree/main/task_seven/Infrastructure/jwt.service.go:70.78,71.22 1 0
github.com/solo21-12/A2SV_back_end_track/tree/main/task_seven/Infrastructure/jwt.service.go:71.22,73.3 1 0
github.com/solo21-12/A2SV_back_end_track/tree/main/task_seven/Infrastructure/jwt.service.go:75.2,76.70 2 0
github.com/solo21-12/A2SV_back_end_track/tree/main/task_seven/Infrastructure/jwt.service.go:76.70,78.3 1 0
github.com/solo21-12/A2SV_back_end_track/tree/main/task_seven/Infrastructure/jwt.service.go:80.2,80.23 1 0
github.com/solo21-12/A2SV_back_end_track/tree/main/task_seven/Infrastructure/jwt.service.go:83.79,87.16 2 0
github.com/solo21-12/A2SV_back_end_track/tree/main/task_seven/Infrastructure/jwt.service.go:87.16,89.3 1 0
github.com/solo21-12/A2SV_back_end_track/tree/main/task_seven/Infrastructure/jwt.service.go:92.2,93.16 2 0
github.com/solo21-12/A2SV_back_end_track/tree/main/task_seven/Infrastructure/jwt.service.go:93.16,95.3 1 0
github.com/solo21-12/A2SV_back_end_track/tree/main/task_seven/Infrastructure/jwt.service.go:97.2,97.20 1 0
github.com/solo21-12/A2SV_back_end_track/tree/main/task_seven/Infrastructure/password.service.go:10.50,12.2 1 0
github.com/solo21-12/A2SV_back_end_track/tree/main/task_seven/Infrastructure/password.service.go:14.76,20.2 3 0
github.com/solo21-12/A2SV_back_end_track/tree/main/task_seven/Infrastructure/password.service.go:22.89,24.2 1 0
github.com/solo21-12/A2SV_back_end_track/tree/main/task_seven/bootstrap/app.go:14.24,22.2 4 0
github.com/solo21-12/A2SV_back_end_track/tree/main/task_seven/bootstrap/app.go:24.45,26.2 1 0
github.com/solo21-12/A2SV_back_end_track/tree/main/task_seven/bootstrap/database.go:12.47,22.16 6 0
github.com/solo21-12/A2SV_back_end_track/tree/main/task_seven/bootstrap/database.go:22.16,24.3 1 0
github.com/solo21-12/A2SV_back_end_track/tree/main/task_seven/bootstrap/database.go:26.2,27.16 2 0
github.com/solo21-12/A2SV_back_end_track/tree/main/task_seven/bootstrap/database.go:27.16,29.3 1 0
github.com/solo21-12/A2SV_back_end_track/tree/main/task_seven/bootstrap/database.go:31.2,31.15 1 0
github.com/solo21-12/A2SV_back_end_track/tree/main/task_seven/bootstrap/database.go:34.72,35.19 1 0
github.com/solo21-12/A2SV_back_end_track/tree/main/task_seven/bootstrap/database.go:35.19,37.3 1 0
github.com/solo21-12/A2SV_back_end_track/tree/main/task_seven/bootstrap/database.go:39.2,40.16 2 0
github.com/solo21-12/A2SV_back_end_track/tree/main/task_seven/bootstrap/database.go:40.16,42.3 1 0
github.com/solo21-12/A2SV_back_end_track/tree/main/task_seven/bootstrap/env.go:21.20,27.16 4 1
github.com/solo21-12/A2SV_back_end_track/tree/main/task_seven/bootstrap/env.go:27.16,29.3 1 0
github.com/solo21-12/A2SV_back_end_track/tree/main/task_seven/bootstrap/env.go:31.2,31.13 1 1
github.com/solo21-12/A2SV_back_end_track/tree/main/task_seven/mocks/mock_auth_middler.go:26.93,30.2 3 0
github.com/solo21-12/A2SV_back_end_track/tree/main/task_seven/mocks/mock_auth_middler.go:33.91,35.2 1 0
github.com/solo21-12/A2SV_back_end_track/tree/main/task_seven/mocks/mock_auth_middler.go:38.73,43.2 4 0
github.com/solo21-12/A2SV_back_end_track/tree/main/task_seven/mocks/mock_auth_middler.go:46.83,49.2 2 0
github.com/solo21-12/A2SV_back_end_track/tree/main/task_seven/mocks/mock_auth_middler.go:52.93,55.26 3 0
github.com/solo21-12/A2SV_back_end_track/tree/main/task_seven/mocks/mock_auth_middler.go:55.26,57.3 1 0
github.com/solo21-12/A2SV_back_end_track/tree/main/task_seven/mocks/mock_auth_middler.go:58.2,60.13 3 0
github.com/solo21-12/A2SV_back_end_track/tree/main/task_seven/mocks/mock_auth_middler.go:64.108,67.2 2 0
github.com/solo21-12/A2SV_back_end_track/tree/main/task_seven/mocks/mock_jwt_service.go:26.65,30.2 3 0
github.com/solo21-12/A2SV_back_end_track/tree/main/task_seven/mocks/mock_jwt_service.go:33.63,35.2 1 0
github.com/solo21-12/A2SV_back_end_track/tree/main/task_seven/mocks/mock_jwt_service.go:38.81,44.2 5 0
github.com/solo21-12/A2SV_back_end_track/tree/main/task_seven/mocks/mock_jwt_service.go:47.88,50.2 2 0
github.com/solo21-12/A2SV_back_end_track/tree/main/task_seven/mocks/mock_jwt_service.go:53.83,59.2 5 0
github.com/solo21-12/A2SV_back_end_track/tree/main/task_seven/mocks/mock_jwt_service.go:62.86,65.2 2 0
github.com/solo21-12/A2SV_back_end_track/tree/main/task_seven/mocks/mock_jwt_service.go:68.82,74.2 5 0
github.com/solo21-12/A2SV_back_end_track/tree/main/task_seven/mocks/mock_jwt_service.go:77.95,80.2 2 0
github.com/solo21-12/A2SV_back_end_track/tree/main/task_seven/mocks/mock_jwt_service.go:83.85,89.2 5 0
github.com/solo21-12/A2SV_back_end_track/tree/main/task_seven/mocks/mock_jwt_service.go:92.88,95.2 2 0
github.com/solo21-12/A2SV_back_end_track/tree/main/task_seven/mocks/mock_login_usecase.go:27.69,31.2 3 1
github.com/solo21-12/A2SV_back_end_track/tree/main/task_seven/mocks/mock_login_usecase.go:34.67,36.2 1 1
github.com/solo21-12/A2SV_back_end_track/tree/main/task_seven/mocks/mock_login_usecase.go:39.83,45.2 5 1
github.com/solo21-12/A2SV_back_end_track/tree/main/task_seven/mocks/mock_login_usecase.go:48.90,51.2 2 1
github.com/solo21-12/A2SV_back_end_track/tree/main/task_seven/mocks/mock_login_usecase.go:54.114,60.2 5 1
github.com/solo21-12/A2SV_back_end_track/tree/main/task_seven/mocks/mock_login_usecase.go:63.91,66.2 2 1
github.com/solo21-12/A2SV_back_end_track/tree/main/task_seven/mocks/mock_login_usecase.go:69.83,74.2 4 1
github.com/solo21-12/A2SV_back_end_track/tree/main/task_seven/mocks/mock_login_usecase.go:77.109,80.2 2 1
github.com/solo21-12/A2SV_back_end_track/tree/main/task_seven/mocks/mock_password_service.go:25.75,29.2 3 0
github.com/solo21-12/A2SV_back_end_track/tree/main/task_seven/mocks/mock_password_service.go:32.73,34.2 1 0
github.com/solo21-12/A2SV_back_end_track/tree/main/task_seven/mocks/mock_password_service.go:37.80,43.2 5 0
github.com/solo21-12/A2SV_back_end_track/tree/main/task_seven/mocks/mock_password_service.go:46.95,49.2 2 0
github.com/solo21-12/A2SV_back_end_track/tree/main/task_seven/mocks/mock_password_service.go:52.86,57.2 4 0
github.com/solo21-12/A2SV_back_end_track/tree/main/task_seven/mocks/mock_password_service.go:60.112,63.2 2 0
github.com/solo21-12/A2SV_back_end_track/tree/main/task_seven/mocks/mock_promote_usecase.go:27.73,31.2 3 1
github.com/solo21-12/A2SV_back_end_track/tree/main/task_seven/mocks/mock_promote_usecase.go:34.71,36.2 1 1
github.com/solo21-12/A2SV_back_end_track/tree/main/task_seven/mocks/mock_promote_usecase.go:39.100,44.2 4 1
github.com/solo21-12/A2SV_back_end_track/tree/main/task_seven/mocks/mock_promote_usecase.go:47.93,50.2 2 1
github.com/solo21-12/A2SV_back_end_track/tree/main/task_seven/mocks/mock_signup_repository.go:27.71,31.2 3 1
github.com/solo21-12/A2SV_back_end_track/tree/main/task_seven/mocks/mock_signup_repository.go:34.69,36.2 1 1
github.com/solo21-12/A2SV_back_end_track/tree/main/task_seven/mocks/mock_signup_repository.go:39.84,45.2 5 1
github.com/solo21-12/A2SV_back_end_track/tree/main/task_seven/mocks/mock_signup_repository.go:48.91,51.2 2 1
github.com/solo21-12/A2SV_back_end_track/tree/main/task_seven/mocks/mock_signup_repository.go:54.132,60.2 5 1
github.com/solo21-12/A2SV_back_end_track/tree/main/task_seven/mocks/mock_signup_repository.go:63.89,66.2 2 1
github.com/solo21-12/A2SV_back_end_track/tree/main/task_seven/mocks/mock_signup_repository.go:69.78,75.2 5 1
github.com/solo21-12/A2SV_back_end_track/tree/main/task_seven/mocks/mock_signup_repository.go:78.93,81.2 2 1
github.com/solo21-12/A2SV_back_end_track/tree/main/task_seven/mocks/mock_task.go:27.73,31.2 3 0
github.com/solo21-12/A2SV_back_end_track/tree/main/task_seven/mocks/mock_task.go:34.71,36.2 1 0
github.com/solo21-12/A2SV_back_end_track/tree/main/task_seven/mocks/mock_task.go:39.132,45.2 5 0
github.com/solo21-12/A2SV_back_end_track/tree/main/task_seven/mocks/mock_task.go:48.93,51.2 2 0
github.com/solo21-12/A2SV_back_end_track/tree/main/task_seven/mocks/mock_task.go:54.99,59.2 4 0
github.com/solo21-12/A2SV_back_end_track/tree/main/task_seven/mocks/mock_task.go:62.92,65.2 2 0
github.com/solo21-12/A2SV_back_end_track/tree/main/task_seven/mocks/mock_task.go:68.118,74.2 5 0
github.com/solo21-12/A2SV_back_end_track/tree/main/task_seven/mocks/mock_task.go:77.93,80.2 2 0
github.com/solo21-12/A2SV_back_end_track/tree/main/task_seven/mocks/mock_task.go:83.102,89.2 5 0
github.com/solo21-12/A2SV_back_end_track/tree/main/task_seven/mocks/mock_task.go:92.82,95.2 2 0
github.com/solo21-12/A2SV_back_end_track/tree/main/task_seven/mocks/mock_task.go:98.133,103.2 4 0
github.com/solo21-12/A2SV_back_end_track/tree/main/task_seven/mocks/mock_task.go:106.105,109.2 2 0
github.com/solo21-12/A2SV_back_end_track/tree/main/task_seven/mocks/mock_task.go:123.67,127.2 3 0
github.com/solo21-12/A2SV_back_end_track/tree/main/task_seven/mocks/mock_task.go:130.65,132.2 1 0
github.com/solo21-12/A2SV_back_end_track/tree/main/task_seven/mocks/mock_task.go:135.129,141.2 5 0
github.com/solo21-12/A2SV_back_end_track/tree/main/task_seven/mocks/mock_task.go:144.90,147.2 2 0
github.com/solo21-12/A2SV_back_end_track/tree/main/task_seven/mocks/mock_task.go:150.96,155.2 4 0
github.com/solo21-12/A2SV_back_end_track/tree/main/task_seven/mocks/mock_task.go:158.89,161.2 2 0
github.com/solo21-12/A2SV_back_end_track/tree/main/task_seven/mocks/mock_task.go:164.115,170.2 5 0
github.com/solo21-12/A2SV_back_end_track/tree/main/task_seven/mocks/mock_task.go:173.90,176.2 2 0
github.com/solo21-12/A2SV_back_end_track/tree/main/task_seven/mocks/mock_task.go:179.99,185.2 5 0
github.com/solo21-12/A2SV_back_end_track/tree/main/task_seven/mocks/mock_task.go:188.79,191.2 2 0
github.com/solo21-12/A2SV_back_end_track/tree/main/task_seven/mocks/mock_task.go:194.130,199.2 4 0
github.com/solo21-12/A2SV_back_end_track/tree/main/task_seven/mocks/mock_task.go:202.102,205.2 2 0
github.com/solo21-12/A2SV_back_end_track/tree/main/task_seven/mocks/mock_user_repository.go:27.73,31.2 3 0
github.com/solo21-12/A2SV_back_end_track/tree/main/task_seven/mocks/mock_user_repository.go:34.71,36.2 1 0
github.com/solo21-12/A2SV_back_end_track/tree/main/task_seven/mocks/mock_user_repository.go:39.133,45.2 5 0
github.com/solo21-12/A2SV_back_end_track/tree/main/task_seven/mocks/mock_user_repository.go:48.90,51.2 2 0
github.com/solo21-12/A2SV_back_end_track/tree/main/task_seven/mocks/mock_user_repository.go:54.116,60.2 5 0
github.com/solo21-12/A2SV_back_end_track/tree/main/task_seven/mocks/mock_user_repository.go:63.93,66.2 2 0
github.com/solo21-12/A2SV_back_end_track/tree/main/task_seven/mocks/mock_user_repository.go:69.112,75.2 5 0
github.com/solo21-12/A2SV_back_end_track/tree/main/task_seven/mocks/mock_user_repository.go:78.87,81.2 2 0
github.com/solo21-12/A2SV_back_end_track/tree/main/task_seven/mocks/mock_user_repository.go:84.96,89.2 4 0
github.com/solo21-12/A2SV_back_end_track/tree/main/task_seven/mocks/mock_user_repository.go:92.89,95.2 2 0
github.com/solo21-12/A2SV_back_end_track/tree/main/task_seven/Domain/error_response.go:13.40,16.2 1 1
github.com/solo21-12/A2SV_back_end_track/tree/main/task_seven/Domain/error_response.go:18.44,23.2 1 0
github.com/solo21-12/A2SV_back_end_track/tree/main/task_seven/Domain/error_response.go:25.46,30.2 1 0
github.com/solo21-12/A2SV_back_end_track/tree/main/task_seven/Domain/error_response.go:32.43,37.2 1 0
github.com/solo21-12/A2SV_back_end_track/tree/main/task_seven/Domain/error_response.go:39.42,44.2 1 0
github.com/solo21-12/A2SV_back_end_track/tree/main/task_seven/Domain/error_response.go:46.53,51.2 1 0
github.com/solo21-12/A2SV_back_end_track/tree/main/task_seven/Domain/error_response.go:53.42,58.2 1 0
github.com/solo21-12/A2SV_back_end_track/tree/main/task_seven/Domain/error_response.go:60.53,65.2 1 0
github.com/solo21-12/A2SV_back_end_track/tree/main/task_seven/Domain/validate.go:7.13,9.2 1 1
github.com/solo21-12/A2SV_back_end_track/tree/main/task_seven/Domain/validate.go:11.33,13.2 1 0
github.com/solo21-12/A2SV_back_end_track/tree/main/task_seven/Domain/validate.go:15.46,17.2 1 0
github.com/solo21-12/A2SV_back_end_track/tree/main/task_seven/Domain/validate.go:19.42,21.2 1 0
github.com/solo21-12/A2SV_back_end_track/tree/main/task_seven/Infrastructure/auth.middleware.go:21.86,25.2 1 0
github.com/solo21-12/A2SV_back_end_track/tree/main/task_seven/Infrastructure/auth.middleware.go:27.59,29.32 1 0
github.com/solo21-12/A2SV_back_end_track/tree/main/task_seven/Infrastructure/auth.middleware.go:29.32,33.17 3 0
github.com/solo21-12/A2SV_back_end_track/tree/main/task_seven/Infrastructure/auth.middleware.go:33.17,37.4 3 0
github.com/solo21-12/A2SV_back_end_track/tree/main/task_seven/Infrastructure/auth.middleware.go:39.3,39.13 1 0
github.com/solo21-12/A2SV_back_end_track/tree/main/task_seven/Infrastructure/auth.middleware.go:43.79,45.32 1 0
github.com/solo21-12/A2SV_back_end_track/tree/main/task_seven/Infrastructure/auth.middleware.go:45.32,49.17 2 0
github.com/solo21-12/A2SV_back_end_track/tree/main/task_seven/Infrastructure/auth.middleware.go:49.17,53.4 3 0
github.com/solo21-12/A2SV_back_end_track/tree/main/task_seven/Infrastructure/auth.middleware.go:55.3,59.17 3 0
github.com/solo21-12/A2SV_back_end_track/tree/main/task_seven/Infrastructure/auth.middleware.go:60.33,63.31 2 0
github.com/solo21-12/A2SV_back_end_track/tree/main/task_seven/Infrastructure/auth.middleware.go:63.31,64.25 1 0
github.com/solo21-12/A2SV_back_end_track/tree/main/task_seven/Infrastructure/auth.middleware.go:64.25,66.11 2 0
github.com/solo21-12/A2SV_back_end_track/tree/main/task_seven/Infrastructure/auth.middleware.go:70.4,70.18 1 0
github.com/solo21-12/A2SV_back_end_track/tree/main/task_seven/Infrastructure/auth.middleware.go:70.18,74.5 3 0
github.com/solo21-12/A2SV_back_end_track/tree/main/task_seven/Infrastructure/auth.middleware.go:77.3,77.13 1 0
github.com/solo21-12/A2SV_back_end_track/tree/main/task_seven/Infrastructure/jwt.service.go:17.58,21.2 1 1
github.com/solo21-12/A2SV_back_end_track/tree/main/task_seven/Infrastructure/jwt.service.go:23.93,39.16 6 0
github.com/solo21-12/A2SV_back_end_track/tree/main/task_seven/Infrastructure/jwt.service.go:39.16,41.3 1 0
github.com/solo21-12/A2SV_back_end_track/tree/main/task_seven/Infrastructure/jwt.service.go:43.2,43.15 1 0
github.com/solo21-12/A2SV_back_end_track/tree/main/task_seven/Infrastructure/jwt.service.go:48.81,51.112 2 0
github.com/solo21-12/A2SV_back_end_track/tree/main/task_seven/Infrastructure/jwt.service.go:51.112,52.58 1 0
github.com/solo21-12/A2SV_back_end_track/tree/main/task_seven/Infrastructure/jwt.service.go:52.58,54.4 1 0
github.com/solo21-12/A2SV_back_end_track/tree/main/task_seven/Infrastructure/jwt.service.go:55.3,55.24 1 0
github.com/solo21-12/A2SV_back_end_track/tree/main/task_seven/Infrastructure/jwt.service.go:58.2,58.32 1 0
github.com/solo21-12/A2SV_back_end_track/tree/main/task_seven/Infrastructure/jwt.service.go:58.32,60.3 1 0
github.com/solo21-12/A2SV_back_end_track/tree/main/task_seven/Infrastructure/jwt.service.go:62.2,63.9 2 0
github.com/solo21-12/A2SV_back_end_track/tree/main/task_seven/Infrastructure/jwt.service.go:63.9,65.3 1 0
github.com/solo21-12/A2SV_back_end_track/tree/main/task_seven/Infrastructure/jwt.service.go:67.2,67.20 1 0
github.com/solo21-12/A2SV_back_end_track/tree/main/task_seven/Infrastructure/jwt.service.go:70.78,71.22 1 0
github.com/solo21-12/A2SV_back_end_track/tree/main/task_seven/Infrastructure/jwt.service.go:71.22,73.3 1 0
github.com/solo21-12/A2SV_back_end_track/tree/main/task_seven/Infrastructure/jwt.service.go:75.2,76.70 2 0
github.com/solo21-12/A2SV_back_end_track/tree/main/task_seven/Infrastructure/jwt.service.go:76.70,78.3 1 0
github.com/solo21-12/A2SV_back_end_track/tree/main/task_seven/Infrastructure/jwt.service.go:80.2,80.23 1 0
github.com/solo21-12/A2SV_back_end_track/tree/main/task_seven/Infrastructure/jwt.service.go:83.79,87.16 2 0
github.com/solo21-12/A2SV_back_end_track/tree/main/task_seven/Infrastructure/jwt.service.go:87.16,89.3 1 0
github.com/solo21-12/A2SV_back_end_track/tree/main/task_seven/Infrastructure/jwt.service.go:92.2,93.16 2 0
github.com/solo21-12/A2SV_back_end_track/tree/main/task_seven/Infrastructure/jwt.service.go:93.16,95.3 1 0
github.com/solo21-12/A2SV_back_end_track/tree/main/task_seven/Infrastructure/jwt.service.go:97.2,97.20 1 0
github.com/solo21-12/A2SV_back_end_track/tree/main/task_seven/Infrastructure/password.service.go:10.50,12.2 1 1
github.com/solo21-12/A2SV_back_end_track/tree/main/task_seven/Infrastructure/password.service.go:14.76,20.2 3 1
github.com/solo21-12/A2SV_back_end_track/tree/main/task_seven/Infrastructure/password.service.go:22.89,24.2 1 1
github.com/solo21-12/A2SV_back_end_track/tree/main/task_seven/UseCases/login.usecase.go:15.151,21.2 1 1
github.com/solo21-12/A2SV_back_end_track/tree/main/task_seven/UseCases/login.usecase.go:23.110,26.2 1 1
github.com/solo21-12/A2SV_back_end_track/tree/main/task_seven/UseCases/login.usecase.go:27.95,30.2 1 0
github.com/solo21-12/A2SV_back_end_track/tree/main/task_seven/UseCases/login.usecase.go:31.86,33.2 1 1
github.com/solo21-12/A2SV_back_end_track/tree/main/task_seven/UseCases/promote.usecase.go:13.83,17.2 1 1
github.com/solo21-12/A2SV_back_end_track/tree/main/task_seven/UseCases/promote.usecase.go:19.96,21.2 1 1
github.com/solo21-12/A2SV_back_end_track/tree/main/task_seven/UseCases/sign_up.usecase.go:15.153,21.2 1 1
github.com/solo21-12/A2SV_back_end_track/tree/main/task_seven/UseCases/sign_up.usecase.go:23.128,25.2 1 1
github.com/solo21-12/A2SV_back_end_track/tree/main/task_seven/UseCases/sign_up.usecase.go:27.96,29.2 1 0
github.com/solo21-12/A2SV_back_end_track/tree/main/task_seven/UseCases/sign_up.usecase.go:31.74,33.2 1 1
github.com/solo21-12/A2SV_back_end_track/tree/main/task_seven/UseCases/task.usecase.go:13.78,17.2 1 0
github.com/solo21-12/A2SV_back_end_track/tree/main/task_seven/UseCases/task.usecase.go:19.95,21.2 1 0
github.com/solo21-12/A2SV_back_end_track/tree/main/task_seven/UseCases/task.usecase.go:22.111,25.2 1 0
github.com/solo21-12/A2SV_back_end_track/tree/main/task_seven/UseCases/task.usecase.go:26.125,29.2 1 0
github.com/solo21-12/A2SV_back_end_track/tree/main/task_seven/UseCases/task.usecase.go:30.92,33.2 1 0
github.com/solo21-12/A2SV_back_end_track/tree/main/task_seven/UseCases/task.usecase.go:34.126,37.2 1 0
github.com/solo21-12/A2SV_back_end_track/tree/main/task_seven/bootstrap/app.go:14.24,22.2 4 0
github.com/solo21-12/A2SV_back_end_track/tree/main/task_seven/bootstrap/app.go:24.45,26.2 1 0
github.com/solo21-12/A2SV_back_end_track/tree/main/task_seven/bootstrap/database.go:12.47,22.16 6 0
github.com/solo21-12/A2SV_back_end_track/tree/main/task_seven/bootstrap/database.go:22.16,24.3 1 0
github.com/solo21-12/A2SV_back_end_track/tree/main/task_seven/bootstrap/database.go:26.2,27.16 2 0
github.com/solo21-12/A2SV_back_end_track/tree/main/task_seven/bootstrap/database.go:27.16,29.3 1 0
github.com/solo21-12/A2SV_back_end_track/tree/main/task_seven/bootstrap/database.go:31.2,31.15 1 0
github.com/solo21-12/A2SV_back_end_track/tree/main/task_seven/bootstrap/database.go:34.72,35.19 1 0
github.com/solo21-12/A2SV_back_end_track/tree/main/task_seven/bootstrap/database.go:35.19,37.3 1 0
github.com/solo21-12/A2SV_back_end_track/tree/main/task_seven/bootstrap/database.go:39.2,40.16 2 0
github.com/solo21-12/A2SV_back_end_track/tree/main/task_seven/bootstrap/database.go:40.16,42.3 1 0
github.com/solo21-12/A2SV_back_end_track/tree/main/task_seven/bootstrap/env.go:21.20,27.16 4 1
github.com/solo21-12/A2SV_back_end_track/tree/main/task_seven/bootstrap/env.go:27.16,29.3 1 0
github.com/solo21-12/A2SV_back_end_track/tree/main/task_seven/bootstrap/env.go:31.2,31.13 1 1
github.com/solo21-12/A2SV_back_end_track/tree/main/task_seven/mocks/mock_auth_middler.go:26.93,30.2 3 0
github.com/solo21-12/A2SV_back_end_track/tree/main/task_seven/mocks/mock_auth_middler.go:33.91,35.2 1 0
github.com/solo21-12/A2SV_back_end_track/tree/main/task_seven/mocks/mock_auth_middler.go:38.73,43.2 4 0
github.com/solo21-12/A2SV_back_end_track/tree/main/task_seven/mocks/mock_auth_middler.go:46.83,49.2 2 0
github.com/solo21-12/A2SV_back_end_track/tree/main/task_seven/mocks/mock_auth_middler.go:52.93,55.26 3 0
github.com/solo21-12/A2SV_back_end_track/tree/main/task_seven/mocks/mock_auth_middler.go:55.26,57.3 1 0
github.com/solo21-12/A2SV_back_end_track/tree/main/task_seven/mocks/mock_auth_middler.go:58.2,60.13 3 0
github.com/solo21-12/A2SV_back_end_track/tree/main/task_seven/mocks/mock_auth_middler.go:64.108,67.2 2 0
github.com/solo21-12/A2SV_back_end_track/tree/main/task_seven/mocks/mock_jwt_service.go:26.65,30.2 3 0
github.com/solo21-12/A2SV_back_end_track/tree/main/task_seven/mocks/mock_jwt_service.go:33.63,35.2 1 0
github.com/solo21-12/A2SV_back_end_track/tree/main/task_seven/mocks/mock_jwt_service.go:38.81,44.2 5 0
github.com/solo21-12/A2SV_back_end_track/tree/main/task_seven/mocks/mock_jwt_service.go:47.88,50.2 2 0
github.com/solo21-12/A2SV_back_end_track/tree/main/task_seven/mocks/mock_jwt_service.go:53.83,59.2 5 0
github.com/solo21-12/A2SV_back_end_track/tree/main/task_seven/mocks/mock_jwt_service.go:62.86,65.2 2 0
github.com/solo21-12/A2SV_back_end_track/tree/main/task_seven/mocks/mock_jwt_service.go:68.82,74.2 5 0
github.com/solo21-12/A2SV_back_end_track/tree/main/task_seven/mocks/mock_jwt_service.go:77.95,80.2 2 0
github.com/solo21-12/A2SV_back_end_track/tree/main/task_seven/mocks/mock_jwt_service.go:83.85,89.2 5 0
github.com/solo21-12/A2SV_back_end_track/tree/main/task_seven/mocks/mock_jwt_service.go:92.88,95.2 2 0
github.com/solo21-12/A2SV_back_end_track/tree/main/task_seven/mocks/mock_login_usecase.go:27.69,31.2 3 0
github.com/solo21-12/A2SV_back_end_track/tree/main/task_seven/mocks/mock_login_usecase.go:34.67,36.2 1 0
github.com/solo21-12/A2SV_back_end_track/tree/main/task_seven/mocks/mock_login_usecase.go:39.83,45.2 5 0
github.com/solo21-12/A2SV_back_end_track/tree/main/task_seven/mocks/mock_login_usecase.go:48.90,51.2 2 0
github.com/solo21-12/A2SV_back_end_track/tree/main/task_seven/mocks/mock_login_usecase.go:54.114,60.2 5 0
github.com/solo21-12/A2SV_back_end_track/tree/main/task_seven/mocks/mock_login_usecase.go:63.91,66.2 2 0
github.com/solo21-12/A2SV_back_end_track/tree/main/task_seven/mocks/mock_login_usecase.go:69.83,74.2 4 0
github.com/solo21-12/A2SV_back_end_track/tree/main/task_seven/mocks/mock_login_usecase.go:77.109,80.2 2 0
github.com/solo21-12/A2SV_back_end_track/tree/main/task_seven/mocks/mock_password_service.go:25.75,29.2 3 0
github.com/solo21-12/A2SV_back_end_track/tree/main/task_seven/mocks/mock_password_service.go:32.73,34.2 1 0
github.com/solo21-12/A2SV_back_end_track/tree/main/task_seven/mocks/mock_password_service.go:37.80,43.2 5 0
github.com/solo21-12/A2SV_back_end_track/tree/main/task_seven/mocks/mock_password_service.go:46.95,49.2 2 0
github.com/solo21-12/A2SV_back_end_track/tree/main/task_seven/mocks/mock_password_service.go:52.86,57.2 4 0
github.com/solo21-12/A2SV_back_end_track/tree/main/task_seven/mocks/mock_password_service.go:60.112,63.2 2 0
github.com/solo21-12/A2SV_back_end_track/tree/main/task_seven/mocks/mock_promote_usecase.go:27.73,31.2 3 0
github.com/solo21-12/A2SV_back_end_track/tree/main/task_seven/mocks/mock_promote_usecase.go:34.71,36.2 1 0
github.com/solo21-12/A2SV_back_end_track/tree/main/task_seven/mocks/mock_promote_usecase.go:39.100,44.2 4 0
github.com/solo21-12/A2SV_back_end_track/tree/main/task_seven/mocks/mock_promote_usecase.go:47.93,50.2 2 0
github.com/solo21-12/A2SV_back_end_track/tree/main/task_seven/mocks/mock_signup_repository.go:27.71,31.2 3 0
github.com/solo21-12/A2SV_back_end_track/tree/main/task_seven/mocks/mock_signup_repository.go:34.69,36.2 1 0
github.com/solo21-12/A2SV_back_end_track/tree/main/task_seven/mocks/mock_signup_repository.go:39.84,45.2 5 0
github.com/solo21-12/A2SV_back_end_track/tree/main/task_seven/mocks/mock_signup_repository.go:48.91,51.2 2 0
github.com/solo21-12/A2SV_back_end_track/tree/main/task_seven/mocks/mock_signup_repository.go:54.132,60.2 5 0
github.com/solo21-12/A2SV_back_end_track/tree/main/task_seven/mocks/mock_signup_repository.go:63.89,66.2 2 0
github.com/solo21-12/A2SV_back_end_track/tree/main/task_seven/mocks/mock_signup_repository.go:69.78,75.2 5 0
github.com/solo21-12/A2SV_back_end_track/tree/main/task_seven/mocks/mock_signup_repository.go:78.93,81.2 2 0
github.com/solo21-12/A2SV_back_end_track/tree/main/task_seven/mocks/mock_task.go:27.73,31.2 3 0
github.com/solo21-12/A2SV_back_end_track/tree/main/task_seven/mocks/mock_task.go:34.71,36.2 1 0
github.com/solo21-12/A2SV_back_end_track/tree/main/task_seven/mocks/mock_task.go:39.132,45.2 5 0
github.com/solo21-12/A2SV_back_end_track/tree/main/task_seven/mocks/mock_task.go:48.93,51.2 2 0
github.com/solo21-12/A2SV_back_end_track/tree/main/task_seven/mocks/mock_task.go:54.99,59.2 4 0
github.com/solo21-12/A2SV_back_end_track/tree/main/task_seven/mocks/mock_task.go:62.92,65.2 2 0
github.com/solo21-12/A2SV_back_end_track/tree/main/task_seven/mocks/mock_task.go:68.118,74.2 5 0
github.com/solo21-12/A2SV_back_end_track/tree/main/task_seven/mocks/mock_task.go:77.93,80.2 2 0
github.com/solo21-12/A2SV_back_end_track/tree/main/task_seven/mocks/mock_task.go:83.102,89.2 5 0
github.com/solo21-12/A2SV_back_end_track/tree/main/task_seven/mocks/mock_task.go:92.82,95.2 2 0
github.com/solo21-12/A2SV_back_end_track/tree/main/task_seven/mocks/mock_task.go:98.133,103.2 4 0
github.com/solo21-12/A2SV_back_end_track/tree/main/task_seven/mocks/mock_task.go:106.105,109.2 2 0
github.com/solo21-12/A2SV_back_end_track/tree/main/task_seven/mocks/mock_task.go:123.67,127.2 3 0
github.com/solo21-12/A2SV_back_end_track/tree/main/task_seven/mocks/mock_task.go:130.65,132.2 1 0
github.com/solo21-12/A2SV_back_end_track/tree/main/task_seven/mocks/mock_task.go:135.129,141.2 5 0
github.com/solo21-12/A2SV_back_end_track/tree/main/task_seven/mocks/mock_task.go:144.90,147.2 2 0
github.com/solo21-12/A2SV_back_end_track/tree/main/task_seven/mocks/mock_task.go:150.96,155.2 4 0
github.com/solo21-12/A2SV_back_end_track/tree/main/task_seven/mocks/mock_task.go:158.89,161.2 2 0
github.com/solo21-12/A2SV_back_end_track/tree/main/task_seven/mocks/mock_task.go:164.115,170.2 5 0
github.com/solo21-12/A2SV_back_end_track/tree/main/task_seven/mocks/mock_task.go:173.90,176.2 2 0
github.com/solo21-12/A2SV_back_end_track/tree/main/task_seven/mocks/mock_task.go:179.99,185.2 5 0
github.com/solo21-12/A2SV_back_end_track/tree/main/task_seven/mocks/mock_task.go:188.79,191.2 2 0
github.com/solo21-12/A2SV_back_end_track/tree/main/task_seven/mocks/mock_task.go:194.130,199.2 4 0
github.com/solo21-12/A2SV_back_end_track/tree/main/task_seven/mocks/mock_task.go:202.102,205.2 2 0
github.com/solo21-12/A2SV_back_end_track/tree/main/task_seven/mocks/mock_user_repository.go:27.73,31.2 3 1
github.com/solo21-12/A2SV_back_end_track/tree/main/task_seven/mocks/mock_user_repository.go:34.71,36.2 1 1
github.com/solo21-12/A2SV_back_end_track/tree/main/task_seven/mocks/mock_user_repository.go:39.133,45.2 5 1
github.com/solo21-12/A2SV_back_end_track/tree/main/task_seven/mocks/mock_user_repository.go:48.90,51.2 2 1
github.com/solo21-12/A2SV_back_end_track/tree/main/task_seven/mocks/mock_user_repository.go:54.116,60.2 5 1
github.com/solo21-12/A2SV_back_end_track/tree/main/task_seven/mocks/mock_user_repository.go:63.93,66.2 2 1
github.com/solo21-12/A2SV_back_end_track/tree/main/task_seven/mocks/mock_user_repository.go:69.112,75.2 5 0
github.com/solo21-12/A2SV_back_end_track/tree/main/task_seven/mocks/mock_user_repository.go:78.87,81.2 2 0
github.com/solo21-12/A2SV_back_end_track/tree/main/task_seven/mocks/mock_user_repository.go:84.96,89.2 4 1
github.com/solo21-12/A2SV_back_end_track/tree/main/task_seven/mocks/mock_user_repository.go:92.89,95.2 2 1
